# JRE version: OpenJDK Runtime Environment Microsoft-7208460 (11.0.18+10) (build 11.0.18+10-LTS)
# Java VM: OpenJDK 64-Bit Server VM Microsoft-7208460 (11.0.18+10-LTS, mixed mode, tiered, compressed oops, g1 gc, windows-amd64)
Heap:
 garbage-first heap   total 287744K, used 216704K [0x0000000080000000, 0x0000000100000000)
  region size 1024K, 13 young (13312K), 2 survivors (2048K)
 Metaspace       used 113289K, capacity 117685K, committed 117968K, reserved 618496K
  class space    used 14710K, capacity 16400K, committed 16512K, reserved 516096K
GC Heap History (20 events):
Event: 256.910 GC heap before
{Heap before GC invocations=106 (full 0):
 garbage-first heap   total 239616K, used 209134K [0x0000000080000000, 0x0000000100000000)
  region size 1024K, 15 young (15360K), 2 survivors (2048K)
 Metaspace       used 111539K, capacity 115762K, committed 115920K, reserved 616448K
  class space    used 14513K, capacity 16158K, committed 16256K, reserved 516096K
}
Event: 256.943 GC heap after
{Heap after GC invocations=107 (full 0):
 garbage-first heap   total 239616K, used 197963K [0x0000000080000000, 0x0000000100000000)
  region size 1024K, 2 young (2048K), 2 survivors (2048K)
 Metaspace       used 111539K, capacity 115762K, committed 115920K, reserved 616448K
  class space    used 14513K, capacity 16158K, committed 16256K, reserved 516096K
}
Event: 257.730 GC heap before
{Heap before GC invocations=107 (full 0):
 garbage-first heap   total 239616K, used 209227K [0x0000000080000000, 0x0000000100000000)
  region size 1024K, 13 young (13312K), 2 survivors (2048K)
 Metaspace       used 112174K, capacity 116402K, committed 116688K, reserved 618496K
  class space    used 14582K, capacity 16222K, committed 16256K, reserved 516096K
}
Event: 257.762 GC heap after
{Heap after GC invocations=108 (full 0):
 garbage-first heap   total 239616K, used 199056K [0x0000000080000000, 0x0000000100000000)
  region size 1024K, 1 young (1024K), 1 survivors (1024K)
 Metaspace       used 112174K, capacity 116402K, committed 116688K, reserved 618496K
  class space    used 14582K, capacity 16222K, committed 16256K, reserved 516096K
}
Event: 258.786 GC heap before
{Heap before GC invocations=108 (full 0):
 garbage-first heap   total 239616K, used 209296K [0x0000000080000000, 0x0000000100000000)
  region size 1024K, 11 young (11264K), 1 survivors (1024K)
 Metaspace       used 112229K, capacity 116499K, committed 116688K, reserved 618496K
  class space    used 14587K, capacity 16254K, committed 16256K, reserved 516096K
}
Event: 258.806 GC heap after
{Heap after GC invocations=109 (full 0):
 garbage-first heap   total 239616K, used 200372K [0x0000000080000000, 0x0000000100000000)
  region size 1024K, 2 young (2048K), 2 survivors (2048K)
 Metaspace       used 112229K, capacity 116499K, committed 116688K, reserved 618496K
  class space    used 14587K, capacity 16254K, committed 16256K, reserved 516096K
}
Event: 259.322 GC heap before
{Heap before GC invocations=109 (full 0):
 garbage-first heap   total 239616K, used 209588K [0x0000000080000000, 0x0000000100000000)
  region size 1024K, 11 young (11264K), 2 survivors (2048K)
 Metaspace       used 112348K, capacity 116691K, committed 116816K, reserved 618496K
  class space    used 14604K, capacity 16272K, committed 16384K, reserved 516096K
}
Event: 259.355 GC heap after
{Heap after GC invocations=110 (full 0):
 garbage-first heap   total 239616K, used 202063K [0x0000000080000000, 0x0000000100000000)
  region size 1024K, 2 young (2048K), 2 survivors (2048K)
 Metaspace       used 112348K, capacity 116691K, committed 116816K, reserved 618496K
  class space    used 14604K, capacity 16272K, committed 16384K, reserved 516096K
}
Event: 259.698 GC heap before
{Heap before GC invocations=110 (full 0):
 garbage-first heap   total 239616K, used 211279K [0x0000000080000000, 0x0000000100000000)
  region size 1024K, 11 young (11264K), 2 survivors (2048K)
 Metaspace       used 112387K, capacity 116696K, committed 116816K, reserved 618496K
  class space    used 14606K, capacity 16273K, committed 16384K, reserved 516096K
}
Event: 259.718 GC heap after
{Heap after GC invocations=111 (full 0):
 garbage-first heap   total 239616K, used 202993K [0x0000000080000000, 0x0000000100000000)
  region size 1024K, 2 young (2048K), 2 survivors (2048K)
 Metaspace       used 112387K, capacity 116696K, committed 116816K, reserved 618496K
  class space    used 14606K, capacity 16273K, committed 16384K, reserved 516096K
}
Event: 260.225 GC heap before
{Heap before GC invocations=111 (full 0):
 garbage-first heap   total 239616K, used 212209K [0x0000000080000000, 0x0000000100000000)
  region size 1024K, 11 young (11264K), 2 survivors (2048K)
 Metaspace       used 112495K, capacity 116788K, committed 117072K, reserved 618496K
  class space    used 14621K, capacity 16282K, committed 16384K, reserved 516096K
}
Event: 260.244 GC heap after
{Heap after GC invocations=112 (full 0):
 garbage-first heap   total 239616K, used 203770K [0x0000000080000000, 0x0000000100000000)
  region size 1024K, 2 young (2048K), 2 survivors (2048K)
 Metaspace       used 112495K, capacity 116788K, committed 117072K, reserved 618496K
  class space    used 14621K, capacity 16282K, committed 16384K, reserved 516096K
}
Event: 261.460 GC heap before
{Heap before GC invocations=112 (full 0):
 garbage-first heap   total 239616K, used 211962K [0x0000000080000000, 0x0000000100000000)
  region size 1024K, 11 young (11264K), 2 survivors (2048K)
 Metaspace       used 112907K, capacity 117275K, committed 117328K, reserved 618496K
  class space    used 14680K, capacity 16376K, committed 16384K, reserved 516096K
}
Event: 261.486 GC heap after
{Heap after GC invocations=113 (full 0):
 garbage-first heap   total 239616K, used 204855K [0x0000000080000000, 0x0000000100000000)
  region size 1024K, 2 young (2048K), 2 survivors (2048K)
 Metaspace       used 112907K, capacity 117275K, committed 117328K, reserved 618496K
  class space    used 14680K, capacity 16376K, committed 16384K, reserved 516096K
}
Event: 262.717 GC heap before
{Heap before GC invocations=113 (full 0):
 garbage-first heap   total 239616K, used 213047K [0x0000000080000000, 0x0000000100000000)
  region size 1024K, 11 young (11264K), 2 survivors (2048K)
 Metaspace       used 112977K, capacity 117356K, committed 117584K, reserved 618496K
  class space    used 14683K, capacity 16381K, committed 16384K, reserved 516096K
}
Event: 262.745 GC heap after
{Heap after GC invocations=114 (full 0):
 garbage-first heap   total 239616K, used 205861K [0x0000000080000000, 0x0000000100000000)
  region size 1024K, 2 young (2048K), 2 survivors (2048K)
 Metaspace       used 112977K, capacity 117356K, committed 117584K, reserved 618496K
  class space    used 14683K, capacity 16381K, committed 16384K, reserved 516096K
}
Event: 263.557 GC heap before
{Heap before GC invocations=114 (full 0):
 garbage-first heap   total 239616K, used 215077K [0x0000000080000000, 0x0000000100000000)
  region size 1024K, 11 young (11264K), 2 survivors (2048K)
 Metaspace       used 113058K, capacity 117425K, committed 117584K, reserved 618496K
  class space    used 14683K, capacity 16381K, committed 16384K, reserved 516096K
}
Event: 263.580 GC heap after
{Heap after GC invocations=115 (full 0):
 garbage-first heap   total 239616K, used 206717K [0x0000000080000000, 0x0000000100000000)
  region size 1024K, 2 young (2048K), 2 survivors (2048K)
 Metaspace       used 113058K, capacity 117425K, committed 117584K, reserved 618496K
  class space    used 14683K, capacity 16381K, committed 16384K, reserved 516096K
}
Event: 264.392 GC heap before
{Heap before GC invocations=115 (full 0):
 garbage-first heap   total 239616K, used 214909K [0x0000000080000000, 0x0000000100000000)
  region size 1024K, 11 young (11264K), 2 survivors (2048K)
 Metaspace       used 113105K, capacity 117434K, committed 117584K, reserved 618496K
  class space    used 14685K, capacity 16383K, committed 16384K, reserved 516096K
}
Event: 264.428 GC heap after
{Heap after GC invocations=116 (full 0):
 garbage-first heap   total 287744K, used 207488K [0x0000000080000000, 0x0000000100000000)
  region size 1024K, 2 young (2048K), 2 survivors (2048K)
 Metaspace       used 113105K, capacity 117434K, committed 117584K, reserved 618496K
  class space    used 14685K, capacity 16383K, committed 16384K, reserved 516096K
}

