# JRE version: OpenJDK Runtime Environment Microsoft-7208460 (11.0.18+10) (build 11.0.18+10-LTS)
# Java VM: OpenJDK 64-Bit Server VM Microsoft-7208460 (11.0.18+10-LTS, mixed mode, tiered, compressed oops, g1 gc, windows-amd64)
Heap:
 garbage-first heap   total 329728K, used 234312K [0x0000000080000000, 0x0000000100000000)
  region size 1024K, 18 young (18432K), 2 survivors (2048K)
 Metaspace       used 114472K, capacity 119000K, committed 119120K, reserved 620544K
  class space    used 14820K, capacity 16577K, committed 16640K, reserved 516096K
GC Heap History (20 events):
Event: 670.794 GC heap before
{Heap before GC invocations=167 (full 0):
 garbage-first heap   total 241664K, used 223640K [0x0000000080000000, 0x0000000100000000)
  region size 1024K, 11 young (11264K), 2 survivors (2048K)
 Metaspace       used 114013K, capacity 118454K, committed 118608K, reserved 618496K
  class space    used 14783K, capacity 16525K, committed 16640K, reserved 516096K
}
Event: 670.800 GC heap after
{Heap after GC invocations=168 (full 0):
 garbage-first heap   total 241664K, used 216647K [0x0000000080000000, 0x0000000100000000)
  region size 1024K, 2 young (2048K), 2 survivors (2048K)
 Metaspace       used 114013K, capacity 118454K, committed 118608K, reserved 618496K
  class space    used 14783K, capacity 16525K, committed 16640K, reserved 516096K
}
Event: 671.012 GC heap before
{Heap before GC invocations=168 (full 0):
 garbage-first heap   total 241664K, used 224839K [0x0000000080000000, 0x0000000100000000)
  region size 1024K, 11 young (11264K), 2 survivors (2048K)
 Metaspace       used 114053K, capacity 118556K, committed 118864K, reserved 618496K
  class space    used 14789K, capacity 16535K, committed 16640K, reserved 516096K
}
Event: 671.018 GC heap after
{Heap after GC invocations=169 (full 0):
 garbage-first heap   total 241664K, used 217636K [0x0000000080000000, 0x0000000100000000)
  region size 1024K, 2 young (2048K), 2 survivors (2048K)
 Metaspace       used 114053K, capacity 118556K, committed 118864K, reserved 618496K
  class space    used 14789K, capacity 16535K, committed 16640K, reserved 516096K
}
Event: 672.020 GC heap before
{Heap before GC invocations=169 (full 0):
 garbage-first heap   total 241664K, used 225828K [0x0000000080000000, 0x0000000100000000)
  region size 1024K, 11 young (11264K), 2 survivors (2048K)
 Metaspace       used 114253K, capacity 118752K, committed 118864K, reserved 618496K
  class space    used 14803K, capacity 16550K, committed 16640K, reserved 516096K
}
Event: 672.029 GC heap after
{Heap after GC invocations=170 (full 0):
 garbage-first heap   total 241664K, used 218648K [0x0000000080000000, 0x0000000100000000)
  region size 1024K, 2 young (2048K), 2 survivors (2048K)
 Metaspace       used 114253K, capacity 118752K, committed 118864K, reserved 618496K
  class space    used 14803K, capacity 16550K, committed 16640K, reserved 516096K
}
Event: 672.344 GC heap before
{Heap before GC invocations=170 (full 0):
 garbage-first heap   total 241664K, used 226840K [0x0000000080000000, 0x0000000100000000)
  region size 1024K, 11 young (11264K), 2 survivors (2048K)
 Metaspace       used 114278K, capacity 118758K, committed 118864K, reserved 618496K
  class space    used 14803K, capacity 16550K, committed 16640K, reserved 516096K
}
Event: 672.352 GC heap after
{Heap after GC invocations=171 (full 0):
 garbage-first heap   total 241664K, used 219364K [0x0000000080000000, 0x0000000100000000)
  region size 1024K, 2 young (2048K), 2 survivors (2048K)
 Metaspace       used 114278K, capacity 118758K, committed 118864K, reserved 618496K
  class space    used 14803K, capacity 16550K, committed 16640K, reserved 516096K
}
Event: 673.997 GC heap before
{Heap before GC invocations=172 (full 0):
 garbage-first heap   total 241664K, used 227556K [0x0000000080000000, 0x0000000100000000)
  region size 1024K, 11 young (11264K), 2 survivors (2048K)
 Metaspace       used 114385K, capacity 118880K, committed 119120K, reserved 620544K
  class space    used 14810K, capacity 16562K, committed 16640K, reserved 516096K
}
Event: 674.017 GC heap after
{Heap after GC invocations=173 (full 0):
 garbage-first heap   total 241664K, used 220154K [0x0000000080000000, 0x0000000100000000)
  region size 1024K, 2 young (2048K), 2 survivors (2048K)
 Metaspace       used 114385K, capacity 118880K, committed 119120K, reserved 620544K
  class space    used 14810K, capacity 16562K, committed 16640K, reserved 516096K
}
Event: 674.532 GC heap before
{Heap before GC invocations=173 (full 0):
 garbage-first heap   total 241664K, used 228346K [0x0000000080000000, 0x0000000100000000)
  region size 1024K, 11 young (11264K), 2 survivors (2048K)
 Metaspace       used 114401K, capacity 118886K, committed 119120K, reserved 620544K
  class space    used 14810K, capacity 16562K, committed 16640K, reserved 516096K
}
Event: 674.624 GC heap after
{Heap after GC invocations=174 (full 0):
 garbage-first heap   total 241664K, used 216622K [0x0000000080000000, 0x0000000100000000)
  region size 1024K, 2 young (2048K), 2 survivors (2048K)
 Metaspace       used 114401K, capacity 118886K, committed 119120K, reserved 620544K
  class space    used 14810K, capacity 16562K, committed 16640K, reserved 516096K
}
Event: 675.861 GC heap before
{Heap before GC invocations=174 (full 0):
 garbage-first heap   total 241664K, used 224814K [0x0000000080000000, 0x0000000100000000)
  region size 1024K, 11 young (11264K), 2 survivors (2048K)
 Metaspace       used 114437K, capacity 118920K, committed 119120K, reserved 620544K
  class space    used 14816K, capacity 16573K, committed 16640K, reserved 516096K
}
Event: 675.888 GC heap after
{Heap after GC invocations=175 (full 0):
 garbage-first heap   total 241664K, used 217499K [0x0000000080000000, 0x0000000100000000)
  region size 1024K, 2 young (2048K), 2 survivors (2048K)
 Metaspace       used 114437K, capacity 118920K, committed 119120K, reserved 620544K
  class space    used 14816K, capacity 16573K, committed 16640K, reserved 516096K
}
Event: 677.020 GC heap before
{Heap before GC invocations=175 (full 0):
 garbage-first heap   total 241664K, used 225691K [0x0000000080000000, 0x0000000100000000)
  region size 1024K, 11 young (11264K), 2 survivors (2048K)
 Metaspace       used 114451K, capacity 118986K, committed 119120K, reserved 620544K
  class space    used 14817K, capacity 16573K, committed 16640K, reserved 516096K
}
Event: 677.036 GC heap after
{Heap after GC invocations=176 (full 0):
 garbage-first heap   total 241664K, used 218534K [0x0000000080000000, 0x0000000100000000)
  region size 1024K, 2 young (2048K), 2 survivors (2048K)
 Metaspace       used 114451K, capacity 118986K, committed 119120K, reserved 620544K
  class space    used 14817K, capacity 16573K, committed 16640K, reserved 516096K
}
Event: 677.559 GC heap before
{Heap before GC invocations=176 (full 0):
 garbage-first heap   total 241664K, used 226726K [0x0000000080000000, 0x0000000100000000)
  region size 1024K, 11 young (11264K), 2 survivors (2048K)
 Metaspace       used 114453K, capacity 118987K, committed 119120K, reserved 620544K
  class space    used 14817K, capacity 16573K, committed 16640K, reserved 516096K
}
Event: 677.579 GC heap after
{Heap after GC invocations=177 (full 0):
 garbage-first heap   total 241664K, used 219274K [0x0000000080000000, 0x0000000100000000)
  region size 1024K, 2 young (2048K), 2 survivors (2048K)
 Metaspace       used 114453K, capacity 118987K, committed 119120K, reserved 620544K
  class space    used 14817K, capacity 16573K, committed 16640K, reserved 516096K
}
Event: 678.351 GC heap before
{Heap before GC invocations=177 (full 0):
 garbage-first heap   total 241664K, used 227466K [0x0000000080000000, 0x0000000100000000)
  region size 1024K, 11 young (11264K), 2 survivors (2048K)
 Metaspace       used 114453K, capacity 118987K, committed 119120K, reserved 620544K
  class space    used 14817K, capacity 16573K, committed 16640K, reserved 516096K
}
Event: 678.380 GC heap after
{Heap after GC invocations=178 (full 0):
 garbage-first heap   total 329728K, used 219976K [0x0000000080000000, 0x0000000100000000)
  region size 1024K, 2 young (2048K), 2 survivors (2048K)
 Metaspace       used 114453K, capacity 118987K, committed 119120K, reserved 620544K
  class space    used 14817K, capacity 16573K, committed 16640K, reserved 516096K
}

