# JRE version: OpenJDK Runtime Environment Microsoft-7208460 (11.0.18+10) (build 11.0.18+10-LTS)
# Java VM: OpenJDK 64-Bit Server VM Microsoft-7208460 (11.0.18+10-LTS, mixed mode, tiered, compressed oops, g1 gc, windows-amd64)
Heap:
 garbage-first heap   total 385024K, used 181649K [0x0000000080000000, 0x0000000100000000)
  region size 1024K, 7 young (7168K), 7 survivors (7168K)
 Metaspace       used 119363K, capacity 123852K, committed 123984K, reserved 624640K
  class space    used 15405K, capacity 17090K, committed 17152K, reserved 516096K
GC Heap History (20 events):
Event: 919.815 GC heap after
{Heap after GC invocations=217 (full 0):
 garbage-first heap   total 210944K, used 143399K [0x0000000080000000, 0x0000000100000000)
  region size 1024K, 2 young (2048K), 2 survivors (2048K)
 Metaspace       used 112734K, capacity 116280K, committed 116432K, reserved 618496K
  class space    used 14612K, capacity 15935K, committed 16000K, reserved 516096K
}
Event: 920.825 GC heap before
{Heap before GC invocations=217 (full 0):
 garbage-first heap   total 210944K, used 165927K [0x0000000080000000, 0x0000000100000000)
  region size 1024K, 24 young (24576K), 2 survivors (2048K)
 Metaspace       used 112736K, capacity 116280K, committed 116432K, reserved 618496K
  class space    used 14612K, capacity 15935K, committed 16000K, reserved 516096K
}
Event: 920.841 GC heap after
{Heap after GC invocations=218 (full 0):
 garbage-first heap   total 210944K, used 143940K [0x0000000080000000, 0x0000000100000000)
  region size 1024K, 2 young (2048K), 2 survivors (2048K)
 Metaspace       used 112736K, capacity 116280K, committed 116432K, reserved 618496K
  class space    used 14612K, capacity 15935K, committed 16000K, reserved 516096K
}
Event: 922.168 GC heap before
{Heap before GC invocations=218 (full 0):
 garbage-first heap   total 210944K, used 168516K [0x0000000080000000, 0x0000000100000000)
  region size 1024K, 26 young (26624K), 2 survivors (2048K)
 Metaspace       used 112740K, capacity 116280K, committed 116432K, reserved 618496K
  class space    used 14612K, capacity 15935K, committed 16000K, reserved 516096K
}
Event: 922.188 GC heap after
{Heap after GC invocations=219 (full 0):
 garbage-first heap   total 210944K, used 144573K [0x0000000080000000, 0x0000000100000000)
  region size 1024K, 3 young (3072K), 3 survivors (3072K)
 Metaspace       used 112740K, capacity 116280K, committed 116432K, reserved 618496K
  class space    used 14612K, capacity 15935K, committed 16000K, reserved 516096K
}
Event: 922.882 GC heap before
{Heap before GC invocations=219 (full 0):
 garbage-first heap   total 210944K, used 170173K [0x0000000080000000, 0x0000000100000000)
  region size 1024K, 28 young (28672K), 3 survivors (3072K)
 Metaspace       used 112743K, capacity 116280K, committed 116432K, reserved 618496K
  class space    used 14612K, capacity 15935K, committed 16000K, reserved 516096K
}
Event: 922.909 GC heap after
{Heap after GC invocations=220 (full 0):
 garbage-first heap   total 210944K, used 146022K [0x0000000080000000, 0x0000000100000000)
  region size 1024K, 4 young (4096K), 4 survivors (4096K)
 Metaspace       used 112743K, capacity 116280K, committed 116432K, reserved 618496K
  class space    used 14612K, capacity 15935K, committed 16000K, reserved 516096K
}
Event: 923.433 GC heap before
{Heap before GC invocations=220 (full 0):
 garbage-first heap   total 210944K, used 170598K [0x0000000080000000, 0x0000000100000000)
  region size 1024K, 29 young (29696K), 4 survivors (4096K)
 Metaspace       used 112743K, capacity 116280K, committed 116432K, reserved 618496K
  class space    used 14612K, capacity 15935K, committed 16000K, reserved 516096K
}
Event: 923.462 GC heap after
{Heap after GC invocations=221 (full 0):
 garbage-first heap   total 258048K, used 145890K [0x0000000080000000, 0x0000000100000000)
  region size 1024K, 2 young (2048K), 2 survivors (2048K)
 Metaspace       used 112743K, capacity 116280K, committed 116432K, reserved 618496K
  class space    used 14612K, capacity 15935K, committed 16000K, reserved 516096K
}
Event: 924.534 GC heap before
{Heap before GC invocations=221 (full 0):
 garbage-first heap   total 258048K, used 195042K [0x0000000080000000, 0x0000000100000000)
  region size 1024K, 50 young (51200K), 2 survivors (2048K)
 Metaspace       used 112804K, capacity 116344K, committed 116432K, reserved 618496K
  class space    used 14612K, capacity 15935K, committed 16000K, reserved 516096K
}
Event: 924.557 GC heap after
{Heap after GC invocations=222 (full 0):
 garbage-first heap   total 258048K, used 146806K [0x0000000080000000, 0x0000000100000000)
  region size 1024K, 3 young (3072K), 3 survivors (3072K)
 Metaspace       used 112804K, capacity 116344K, committed 116432K, reserved 618496K
  class space    used 14612K, capacity 15935K, committed 16000K, reserved 516096K
}
Event: 925.298 GC heap before
{Heap before GC invocations=222 (full 0):
 garbage-first heap   total 258048K, used 198006K [0x0000000080000000, 0x0000000100000000)
  region size 1024K, 53 young (54272K), 3 survivors (3072K)
 Metaspace       used 113062K, capacity 116583K, committed 116688K, reserved 618496K
  class space    used 14653K, capacity 15972K, committed 16000K, reserved 516096K
}
Event: 925.308 GC heap after
{Heap after GC invocations=223 (full 0):
 garbage-first heap   total 258048K, used 147784K [0x0000000080000000, 0x0000000100000000)
  region size 1024K, 4 young (4096K), 4 survivors (4096K)
 Metaspace       used 113062K, capacity 116583K, committed 116688K, reserved 618496K
  class space    used 14653K, capacity 15972K, committed 16000K, reserved 516096K
}
Event: 926.214 GC heap before
{Heap before GC invocations=223 (full 0):
 garbage-first heap   total 258048K, used 201032K [0x0000000080000000, 0x0000000100000000)
  region size 1024K, 56 young (57344K), 4 survivors (4096K)
 Metaspace       used 115104K, capacity 118715K, committed 118992K, reserved 620544K
  class space    used 14847K, capacity 16187K, committed 16256K, reserved 516096K
}
Event: 926.228 GC heap after
{Heap after GC invocations=224 (full 0):
 garbage-first heap   total 258048K, used 150133K [0x0000000080000000, 0x0000000100000000)
  region size 1024K, 6 young (6144K), 6 survivors (6144K)
 Metaspace       used 115104K, capacity 118715K, committed 118992K, reserved 620544K
  class space    used 14847K, capacity 16187K, committed 16256K, reserved 516096K
}
Event: 929.697 GC heap before
{Heap before GC invocations=224 (full 0):
 garbage-first heap   total 258048K, used 204405K [0x0000000080000000, 0x0000000100000000)
  region size 1024K, 59 young (60416K), 6 survivors (6144K)
 Metaspace       used 117954K, capacity 121621K, committed 121936K, reserved 622592K
  class space    used 15202K, capacity 16580K, committed 16640K, reserved 516096K
}
Event: 929.785 GC heap after
{Heap after GC invocations=225 (full 0):
 garbage-first heap   total 258048K, used 154742K [0x0000000080000000, 0x0000000100000000)
  region size 1024K, 8 young (8192K), 8 survivors (8192K)
 Metaspace       used 117954K, capacity 121621K, committed 121936K, reserved 622592K
  class space    used 15202K, capacity 16580K, committed 16640K, reserved 516096K
}
Event: 934.987 GC heap before
{Heap before GC invocations=225 (full 0):
 garbage-first heap   total 258048K, used 212086K [0x0000000080000000, 0x0000000100000000)
  region size 1024K, 60 young (61440K), 8 survivors (8192K)
 Metaspace       used 118890K, capacity 123148K, committed 123344K, reserved 622592K
  class space    used 15343K, capacity 16933K, committed 17024K, reserved 516096K
}
Event: 935.089 GC heap after
{Heap after GC invocations=226 (full 0):
 garbage-first heap   total 258048K, used 169294K [0x0000000080000000, 0x0000000100000000)
  region size 1024K, 8 young (8192K), 8 survivors (8192K)
 Metaspace       used 118890K, capacity 123148K, committed 123344K, reserved 622592K
  class space    used 15343K, capacity 16933K, committed 17024K, reserved 516096K
}
Event: 938.305 GC heap before
{Heap before GC invocations=226 (full 0):
 garbage-first heap   total 258048K, used 213326K [0x0000000080000000, 0x0000000100000000)
  region size 1024K, 51 young (52224K), 8 survivors (8192K)
 Metaspace       used 119363K, capacity 123852K, committed 123984K, reserved 624640K
  class space    used 15405K, capacity 17090K, committed 17152K, reserved 516096K
}

