# JRE version: OpenJDK Runtime Environment Microsoft-7208460 (11.0.18+10) (build 11.0.18+10-LTS)
# Java VM: OpenJDK 64-Bit Server VM Microsoft-7208460 (11.0.18+10-LTS, mixed mode, tiered, compressed oops, g1 gc, windows-amd64)
Heap:
 garbage-first heap   total 548864K, used 412672K [0x0000000080000000, 0x0000000100000000)
  region size 1024K, 3 young (3072K), 3 survivors (3072K)
 Metaspace       used 156045K, capacity 162077K, committed 162384K, reserved 657408K
  class space    used 19405K, capacity 21721K, committed 21760K, reserved 516096K
GC Heap History (20 events):
Event: 388.817 GC heap after
{Heap after GC invocations=149 (full 0):
 garbage-first heap   total 436224K, used 321143K [0x0000000080000000, 0x0000000100000000)
  region size 1024K, 8 young (8192K), 8 survivors (8192K)
 Metaspace       used 155319K, capacity 161316K, committed 161616K, reserved 657408K
  class space    used 19372K, capacity 21648K, committed 21760K, reserved 516096K
}
Event: 391.994 GC heap before
{Heap before GC invocations=149 (full 0):
 garbage-first heap   total 436224K, used 382583K [0x0000000080000000, 0x0000000100000000)
  region size 1024K, 61 young (62464K), 8 survivors (8192K)
 Metaspace       used 155789K, capacity 161858K, committed 162128K, reserved 657408K
  class space    used 19398K, capacity 21727K, committed 21760K, reserved 516096K
}
Event: 392.167 GC heap after
{Heap after GC invocations=150 (full 0):
 garbage-first heap   total 436224K, used 345797K [0x0000000080000000, 0x0000000100000000)
  region size 1024K, 8 young (8192K), 8 survivors (8192K)
 Metaspace       used 155789K, capacity 161858K, committed 162128K, reserved 657408K
  class space    used 19398K, capacity 21727K, committed 21760K, reserved 516096K
}
Event: 393.141 GC heap before
{Heap before GC invocations=150 (full 0):
 garbage-first heap   total 436224K, used 389829K [0x0000000080000000, 0x0000000100000000)
  region size 1024K, 37 young (37888K), 8 survivors (8192K)
 Metaspace       used 155933K, capacity 162004K, committed 162128K, reserved 657408K
  class space    used 19412K, capacity 21750K, committed 21760K, reserved 516096K
}
Event: 393.215 GC heap after
{Heap after GC invocations=151 (full 0):
 garbage-first heap   total 436224K, used 364032K [0x0000000080000000, 0x0000000100000000)
  region size 1024K, 5 young (5120K), 5 survivors (5120K)
 Metaspace       used 155933K, capacity 162004K, committed 162128K, reserved 657408K
  class space    used 19412K, capacity 21750K, committed 21760K, reserved 516096K
}
Event: 393.575 GC heap before
{Heap before GC invocations=151 (full 0):
 garbage-first heap   total 436224K, used 390656K [0x0000000080000000, 0x0000000100000000)
  region size 1024K, 21 young (21504K), 5 survivors (5120K)
 Metaspace       used 155935K, capacity 162004K, committed 162128K, reserved 657408K
  class space    used 19412K, capacity 21750K, committed 21760K, reserved 516096K
}
Event: 393.606 GC heap after
{Heap after GC invocations=152 (full 0):
 garbage-first heap   total 436224K, used 373760K [0x0000000080000000, 0x0000000100000000)
  region size 1024K, 3 young (3072K), 3 survivors (3072K)
 Metaspace       used 155935K, capacity 162004K, committed 162128K, reserved 657408K
  class space    used 19412K, capacity 21750K, committed 21760K, reserved 516096K
}
Event: 393.873 GC heap before
{Heap before GC invocations=152 (full 0):
 garbage-first heap   total 436224K, used 384000K [0x0000000080000000, 0x0000000100000000)
  region size 1024K, 15 young (15360K), 3 survivors (3072K)
 Metaspace       used 155959K, capacity 162004K, committed 162128K, reserved 657408K
  class space    used 19417K, capacity 21750K, committed 21760K, reserved 516096K
}
Event: 393.913 GC heap after
{Heap after GC invocations=153 (full 0):
 garbage-first heap   total 436224K, used 377792K [0x0000000080000000, 0x0000000100000000)
  region size 1024K, 3 young (3072K), 3 survivors (3072K)
 Metaspace       used 155959K, capacity 162004K, committed 162128K, reserved 657408K
  class space    used 19417K, capacity 21750K, committed 21760K, reserved 516096K
}
Event: 394.656 GC heap before
{Heap before GC invocations=153 (full 0):
 garbage-first heap   total 436224K, used 396224K [0x0000000080000000, 0x0000000100000000)
  region size 1024K, 21 young (21504K), 3 survivors (3072K)
 Metaspace       used 155980K, capacity 162018K, committed 162128K, reserved 657408K
  class space    used 19419K, capacity 21755K, committed 21760K, reserved 516096K
}
Event: 394.716 GC heap after
{Heap after GC invocations=154 (full 0):
 garbage-first heap   total 436224K, used 386048K [0x0000000080000000, 0x0000000100000000)
  region size 1024K, 3 young (3072K), 3 survivors (3072K)
 Metaspace       used 155980K, capacity 162018K, committed 162128K, reserved 657408K
  class space    used 19419K, capacity 21755K, committed 21760K, reserved 516096K
}
Event: 395.123 GC heap before
{Heap before GC invocations=154 (full 0):
 garbage-first heap   total 436224K, used 407552K [0x0000000080000000, 0x0000000100000000)
  region size 1024K, 21 young (21504K), 3 survivors (3072K)
 Metaspace       used 156007K, capacity 162084K, committed 162128K, reserved 657408K
  class space    used 19419K, capacity 21755K, committed 21760K, reserved 516096K
}
Event: 395.181 GC heap after
{Heap after GC invocations=155 (full 0):
 garbage-first heap   total 436224K, used 392601K [0x0000000080000000, 0x0000000100000000)
  region size 1024K, 3 young (3072K), 3 survivors (3072K)
 Metaspace       used 156007K, capacity 162084K, committed 162128K, reserved 657408K
  class space    used 19419K, capacity 21755K, committed 21760K, reserved 516096K
}
Event: 395.972 GC heap before
{Heap before GC invocations=155 (full 0):
 garbage-first heap   total 436224K, used 412057K [0x0000000080000000, 0x0000000100000000)
  region size 1024K, 21 young (21504K), 3 survivors (3072K)
 Metaspace       used 156043K, capacity 162105K, committed 162128K, reserved 657408K
  class space    used 19422K, capacity 21759K, committed 21760K, reserved 516096K
}
Event: 396.051 GC heap after
{Heap after GC invocations=156 (full 0):
 garbage-first heap   total 436224K, used 399224K [0x0000000080000000, 0x0000000100000000)
  region size 1024K, 3 young (3072K), 3 survivors (3072K)
 Metaspace       used 156043K, capacity 162105K, committed 162128K, reserved 657408K
  class space    used 19422K, capacity 21759K, committed 21760K, reserved 516096K
}
Event: 396.864 GC heap before
{Heap before GC invocations=156 (full 0):
 garbage-first heap   total 436224K, used 417656K [0x0000000080000000, 0x0000000100000000)
  region size 1024K, 21 young (21504K), 3 survivors (3072K)
 Metaspace       used 156043K, capacity 162105K, committed 162128K, reserved 657408K
  class space    used 19422K, capacity 21759K, committed 21760K, reserved 516096K
}
Event: 396.975 GC heap after
{Heap after GC invocations=157 (full 0):
 garbage-first heap   total 436224K, used 406473K [0x0000000080000000, 0x0000000100000000)
  region size 1024K, 3 young (3072K), 3 survivors (3072K)
 Metaspace       used 156043K, capacity 162105K, committed 162128K, reserved 657408K
  class space    used 19422K, capacity 21759K, committed 21760K, reserved 516096K
}
Event: 397.829 GC heap before
{Heap before GC invocations=157 (full 0):
 garbage-first heap   total 436224K, used 424905K [0x0000000080000000, 0x0000000100000000)
  region size 1024K, 21 young (21504K), 3 survivors (3072K)
 Metaspace       used 156097K, capacity 162170K, committed 162384K, reserved 657408K
  class space    used 19426K, capacity 21759K, committed 21760K, reserved 516096K
}
Event: 397.917 GC heap after
{Heap after GC invocations=158 (full 0):
 garbage-first heap   total 437248K, used 415744K [0x0000000080000000, 0x0000000100000000)
  region size 1024K, 3 young (3072K), 3 survivors (3072K)
 Metaspace       used 156097K, capacity 162170K, committed 162384K, reserved 657408K
  class space    used 19426K, capacity 21759K, committed 21760K, reserved 516096K
}
Event: 399.088 GC heap before
{Heap before GC invocations=158 (full 0):
 garbage-first heap   total 437248K, used 421888K [0x0000000080000000, 0x0000000100000000)
  region size 1024K, 21 young (21504K), 3 survivors (3072K)
 Metaspace       used 156045K, capacity 162077K, committed 162384K, reserved 657408K
  class space    used 19405K, capacity 21721K, committed 21760K, reserved 516096K
}

