# JRE version: OpenJDK Runtime Environment Microsoft-7208460 (11.0.18+10) (build 11.0.18+10-LTS)
# Java VM: OpenJDK 64-Bit Server VM Microsoft-7208460 (11.0.18+10-LTS, mixed mode, tiered, compressed oops, g1 gc, windows-amd64)
Heap:
 garbage-first heap   total 176128K, used 142542K [0x0000000080000000, 0x0000000100000000)
  region size 1024K, 12 young (12288K), 1 survivors (1024K)
 Metaspace       used 95391K, capacity 98673K, committed 98896K, reserved 602112K
  class space    used 12528K, capacity 13802K, committed 13824K, reserved 516096K
GC Heap History (20 events):
Event: 260.956 GC heap before
{Heap before GC invocations=91 (full 0):
 garbage-first heap   total 146432K, used 123689K [0x0000000080000000, 0x0000000100000000)
  region size 1024K, 20 young (20480K), 4 survivors (4096K)
 Metaspace       used 92744K, capacity 95795K, committed 95952K, reserved 600064K
  class space    used 12208K, capacity 13382K, committed 13440K, reserved 516096K
}
Event: 260.975 GC heap after
{Heap after GC invocations=92 (full 0):
 garbage-first heap   total 146432K, used 113280K [0x0000000080000000, 0x0000000100000000)
  region size 1024K, 3 young (3072K), 3 survivors (3072K)
 Metaspace       used 92744K, capacity 95795K, committed 95952K, reserved 600064K
  class space    used 12208K, capacity 13382K, committed 13440K, reserved 516096K
}
Event: 261.738 GC heap before
{Heap before GC invocations=93 (full 0):
 garbage-first heap   total 146432K, used 123520K [0x0000000080000000, 0x0000000100000000)
  region size 1024K, 14 young (14336K), 3 survivors (3072K)
 Metaspace       used 93296K, capacity 96546K, committed 96592K, reserved 600064K
  class space    used 12279K, capacity 13542K, committed 13568K, reserved 516096K
}
Event: 261.748 GC heap after
{Heap after GC invocations=94 (full 0):
 garbage-first heap   total 146432K, used 116077K [0x0000000080000000, 0x0000000100000000)
  region size 1024K, 2 young (2048K), 2 survivors (2048K)
 Metaspace       used 93296K, capacity 96546K, committed 96592K, reserved 600064K
  class space    used 12279K, capacity 13542K, committed 13568K, reserved 516096K
}
Event: 263.266 GC heap before
{Heap before GC invocations=94 (full 0):
 garbage-first heap   total 146432K, used 124269K [0x0000000080000000, 0x0000000100000000)
  region size 1024K, 10 young (10240K), 2 survivors (2048K)
 Metaspace       used 93413K, capacity 96616K, committed 96848K, reserved 600064K
  class space    used 12279K, capacity 13542K, committed 13568K, reserved 516096K
}
Event: 263.320 GC heap after
{Heap after GC invocations=95 (full 0):
 garbage-first heap   total 146432K, used 118062K [0x0000000080000000, 0x0000000100000000)
  region size 1024K, 2 young (2048K), 2 survivors (2048K)
 Metaspace       used 93413K, capacity 96616K, committed 96848K, reserved 600064K
  class space    used 12279K, capacity 13542K, committed 13568K, reserved 516096K
}
Event: 264.099 GC heap before
{Heap before GC invocations=95 (full 0):
 garbage-first heap   total 146432K, used 124206K [0x0000000080000000, 0x0000000100000000)
  region size 1024K, 9 young (9216K), 2 survivors (2048K)
 Metaspace       used 93506K, capacity 96694K, committed 96848K, reserved 600064K
  class space    used 12281K, capacity 13544K, committed 13568K, reserved 516096K
}
Event: 264.118 GC heap after
{Heap after GC invocations=96 (full 0):
 garbage-first heap   total 146432K, used 118710K [0x0000000080000000, 0x0000000100000000)
  region size 1024K, 1 young (1024K), 1 survivors (1024K)
 Metaspace       used 93506K, capacity 96694K, committed 96848K, reserved 600064K
  class space    used 12281K, capacity 13544K, committed 13568K, reserved 516096K
}
Event: 264.825 GC heap before
{Heap before GC invocations=96 (full 0):
 garbage-first heap   total 146432K, used 123830K [0x0000000080000000, 0x0000000100000000)
  region size 1024K, 7 young (7168K), 1 survivors (1024K)
 Metaspace       used 93525K, capacity 96767K, committed 96848K, reserved 600064K
  class space    used 12281K, capacity 13544K, committed 13568K, reserved 516096K
}
Event: 264.839 GC heap after
{Heap after GC invocations=97 (full 0):
 garbage-first heap   total 146432K, used 119429K [0x0000000080000000, 0x0000000100000000)
  region size 1024K, 1 young (1024K), 1 survivors (1024K)
 Metaspace       used 93525K, capacity 96767K, committed 96848K, reserved 600064K
  class space    used 12281K, capacity 13544K, committed 13568K, reserved 516096K
}
Event: 265.537 GC heap before
{Heap before GC invocations=98 (full 0):
 garbage-first heap   total 146432K, used 124549K [0x0000000080000000, 0x0000000100000000)
  region size 1024K, 7 young (7168K), 1 survivors (1024K)
 Metaspace       used 93611K, capacity 96964K, committed 97104K, reserved 600064K
  class space    used 12289K, capacity 13557K, committed 13568K, reserved 516096K
}
Event: 265.559 GC heap after
{Heap after GC invocations=99 (full 0):
 garbage-first heap   total 146432K, used 120545K [0x0000000080000000, 0x0000000100000000)
  region size 1024K, 1 young (1024K), 1 survivors (1024K)
 Metaspace       used 93611K, capacity 96964K, committed 97104K, reserved 600064K
  class space    used 12289K, capacity 13557K, committed 13568K, reserved 516096K
}
Event: 266.242 GC heap before
{Heap before GC invocations=99 (full 0):
 garbage-first heap   total 146432K, used 126689K [0x0000000080000000, 0x0000000100000000)
  region size 1024K, 7 young (7168K), 1 survivors (1024K)
 Metaspace       used 94560K, capacity 97869K, committed 98000K, reserved 602112K
  class space    used 12414K, capacity 13686K, committed 13696K, reserved 516096K
}
Event: 266.257 GC heap after
{Heap after GC invocations=100 (full 0):
 garbage-first heap   total 146432K, used 120205K [0x0000000080000000, 0x0000000100000000)
  region size 1024K, 1 young (1024K), 1 survivors (1024K)
 Metaspace       used 94560K, capacity 97869K, committed 98000K, reserved 602112K
  class space    used 12414K, capacity 13686K, committed 13696K, reserved 516096K
}
Event: 266.691 GC heap before
{Heap before GC invocations=100 (full 0):
 garbage-first heap   total 146432K, used 126349K [0x0000000080000000, 0x0000000100000000)
  region size 1024K, 7 young (7168K), 1 survivors (1024K)
 Metaspace       used 94929K, capacity 98221K, committed 98384K, reserved 602112K
  class space    used 12457K, capacity 13718K, committed 13824K, reserved 516096K
}
Event: 266.703 GC heap after
{Heap after GC invocations=101 (full 0):
 garbage-first heap   total 146432K, used 120662K [0x0000000080000000, 0x0000000100000000)
  region size 1024K, 1 young (1024K), 1 survivors (1024K)
 Metaspace       used 94929K, capacity 98221K, committed 98384K, reserved 602112K
  class space    used 12457K, capacity 13718K, committed 13824K, reserved 516096K
}
Event: 267.863 GC heap before
{Heap before GC invocations=101 (full 0):
 garbage-first heap   total 146432K, used 131926K [0x0000000080000000, 0x0000000100000000)
  region size 1024K, 7 young (7168K), 1 survivors (1024K)
 Metaspace       used 95022K, capacity 98305K, committed 98640K, reserved 602112K
  class space    used 12478K, capacity 13726K, committed 13824K, reserved 516096K
}
Event: 267.877 GC heap after
{Heap after GC invocations=102 (full 0):
 garbage-first heap   total 146432K, used 129934K [0x0000000080000000, 0x0000000100000000)
  region size 1024K, 1 young (1024K), 1 survivors (1024K)
 Metaspace       used 95022K, capacity 98305K, committed 98640K, reserved 602112K
  class space    used 12478K, capacity 13726K, committed 13824K, reserved 516096K
}
Event: 268.750 GC heap before
{Heap before GC invocations=102 (full 0):
 garbage-first heap   total 146432K, used 135054K [0x0000000080000000, 0x0000000100000000)
  region size 1024K, 7 young (7168K), 1 survivors (1024K)
 Metaspace       used 95075K, capacity 98349K, committed 98640K, reserved 602112K
  class space    used 12488K, capacity 13761K, committed 13824K, reserved 516096K
}
Event: 268.763 GC heap after
{Heap after GC invocations=103 (full 0):
 garbage-first heap   total 176128K, used 132302K [0x0000000080000000, 0x0000000100000000)
  region size 1024K, 1 young (1024K), 1 survivors (1024K)
 Metaspace       used 95075K, capacity 98349K, committed 98640K, reserved 602112K
  class space    used 12488K, capacity 13761K, committed 13824K, reserved 516096K
}

