# JRE version: OpenJDK Runtime Environment Microsoft-7208460 (11.0.18+10) (build 11.0.18+10-LTS)
# Java VM: OpenJDK 64-Bit Server VM Microsoft-7208460 (11.0.18+10-LTS, mixed mode, tiered, compressed oops, g1 gc, windows-amd64)
Heap:
 garbage-first heap   total 530432K, used 288591K [0x0000000080000000, 0x0000000100000000)
  region size 1024K, 75 young (76800K), 14 survivors (14336K)
 Metaspace       used 124622K, capacity 129610K, committed 129872K, reserved 628736K
  class space    used 16104K, capacity 18050K, committed 18176K, reserved 516096K
GC Heap History (20 events):
Event: 238.580 GC heap before
{Heap before GC invocations=110 (full 0):
 garbage-first heap   total 204800K, used 170383K [0x0000000080000000, 0x0000000100000000)
  region size 1024K, 15 young (15360K), 2 survivors (2048K)
 Metaspace       used 106495K, capacity 110863K, committed 111056K, reserved 612352K
  class space    used 14007K, capacity 15727K, committed 15744K, reserved 516096K
}
Event: 238.619 GC heap after
{Heap after GC invocations=111 (full 0):
 garbage-first heap   total 301056K, used 158097K [0x0000000080000000, 0x0000000100000000)
  region size 1024K, 2 young (2048K), 2 survivors (2048K)
 Metaspace       used 106495K, capacity 110863K, committed 111056K, reserved 612352K
  class space    used 14007K, capacity 15727K, committed 15744K, reserved 516096K
}
Event: 243.183 GC heap before
{Heap before GC invocations=112 (full 0):
 garbage-first heap   total 301056K, used 200081K [0x0000000080000000, 0x0000000100000000)
  region size 1024K, 43 young (44032K), 2 survivors (2048K)
 Metaspace       used 107961K, capacity 112386K, committed 112592K, reserved 614400K
  class space    used 14169K, capacity 15910K, committed 16000K, reserved 516096K
}
Event: 243.285 GC heap after
{Heap after GC invocations=113 (full 0):
 garbage-first heap   total 301056K, used 167454K [0x0000000080000000, 0x0000000100000000)
  region size 1024K, 6 young (6144K), 6 survivors (6144K)
 Metaspace       used 107961K, capacity 112386K, committed 112592K, reserved 614400K
  class space    used 14169K, capacity 15910K, committed 16000K, reserved 516096K
}
Event: 248.868 GC heap before
{Heap before GC invocations=113 (full 0):
 garbage-first heap   total 301056K, used 208414K [0x0000000080000000, 0x0000000100000000)
  region size 1024K, 46 young (47104K), 6 survivors (6144K)
 Metaspace       used 111494K, capacity 115973K, committed 116304K, reserved 616448K
  class space    used 14556K, capacity 16303K, committed 16384K, reserved 516096K
}
Event: 248.970 GC heap after
{Heap after GC invocations=114 (full 0):
 garbage-first heap   total 301056K, used 173828K [0x0000000080000000, 0x0000000100000000)
  region size 1024K, 6 young (6144K), 6 survivors (6144K)
 Metaspace       used 111494K, capacity 115973K, committed 116304K, reserved 616448K
  class space    used 14556K, capacity 16303K, committed 16384K, reserved 516096K
}
Event: 254.929 GC heap before
{Heap before GC invocations=115 (full 0):
 garbage-first heap   total 301056K, used 216836K [0x0000000080000000, 0x0000000100000000)
  region size 1024K, 48 young (49152K), 6 survivors (6144K)
 Metaspace       used 114857K, capacity 119359K, committed 119504K, reserved 620544K
  class space    used 14988K, capacity 16703K, committed 16768K, reserved 516096K
}
Event: 255.023 GC heap after
{Heap after GC invocations=116 (full 0):
 garbage-first heap   total 301056K, used 178237K [0x0000000080000000, 0x0000000100000000)
  region size 1024K, 5 young (5120K), 5 survivors (5120K)
 Metaspace       used 114857K, capacity 119359K, committed 119504K, reserved 620544K
  class space    used 14988K, capacity 16703K, committed 16768K, reserved 516096K
}
Event: 257.106 GC heap before
{Heap before GC invocations=116 (full 0):
 garbage-first heap   total 301056K, used 222269K [0x0000000080000000, 0x0000000100000000)
  region size 1024K, 48 young (49152K), 5 survivors (5120K)
 Metaspace       used 115193K, capacity 119755K, committed 120016K, reserved 620544K
  class space    used 15010K, capacity 16743K, committed 16768K, reserved 516096K
}
Event: 257.144 GC heap after
{Heap after GC invocations=117 (full 0):
 garbage-first heap   total 530432K, used 184844K [0x0000000080000000, 0x0000000100000000)
  region size 1024K, 6 young (6144K), 6 survivors (6144K)
 Metaspace       used 115193K, capacity 119755K, committed 120016K, reserved 620544K
  class space    used 15010K, capacity 16743K, committed 16768K, reserved 516096K
}
Event: 263.642 GC heap before
{Heap before GC invocations=118 (full 0):
 garbage-first heap   total 530432K, used 308748K [0x0000000080000000, 0x0000000100000000)
  region size 1024K, 128 young (131072K), 6 survivors (6144K)
 Metaspace       used 118669K, capacity 123403K, committed 123600K, reserved 622592K
  class space    used 15412K, capacity 17231K, committed 17280K, reserved 516096K
}
Event: 263.882 GC heap after
{Heap after GC invocations=119 (full 0):
 garbage-first heap   total 530432K, used 196287K [0x0000000080000000, 0x0000000100000000)
  region size 1024K, 16 young (16384K), 16 survivors (16384K)
 Metaspace       used 118669K, capacity 123403K, committed 123600K, reserved 622592K
  class space    used 15412K, capacity 17231K, committed 17280K, reserved 516096K
}
Event: 287.494 GC heap before
{Heap before GC invocations=119 (full 0):
 garbage-first heap   total 530432K, used 271039K [0x0000000080000000, 0x0000000100000000)
  region size 1024K, 90 young (92160K), 16 survivors (16384K)
 Metaspace       used 119183K, capacity 123945K, committed 124240K, reserved 624640K
  class space    used 15468K, capacity 17298K, committed 17408K, reserved 516096K
}
Event: 287.545 GC heap after
{Heap after GC invocations=120 (full 0):
 garbage-first heap   total 530432K, used 204444K [0x0000000080000000, 0x0000000100000000)
  region size 1024K, 8 young (8192K), 8 survivors (8192K)
 Metaspace       used 119183K, capacity 123945K, committed 124240K, reserved 624640K
  class space    used 15468K, capacity 17298K, committed 17408K, reserved 516096K
}
Event: 309.566 GC heap before
{Heap before GC invocations=120 (full 0):
 garbage-first heap   total 530432K, used 291484K [0x0000000080000000, 0x0000000100000000)
  region size 1024K, 94 young (96256K), 8 survivors (8192K)
 Metaspace       used 119627K, capacity 124410K, committed 124496K, reserved 624640K
  class space    used 15499K, capacity 17348K, committed 17408K, reserved 516096K
}
Event: 309.665 GC heap after
{Heap after GC invocations=121 (full 0):
 garbage-first heap   total 530432K, used 213504K [0x0000000080000000, 0x0000000100000000)
  region size 1024K, 9 young (9216K), 9 survivors (9216K)
 Metaspace       used 119627K, capacity 124410K, committed 124496K, reserved 624640K
  class space    used 15499K, capacity 17348K, committed 17408K, reserved 516096K
}
Event: 315.654 GC heap before
{Heap before GC invocations=121 (full 0):
 garbage-first heap   total 530432K, used 305663K [0x0000000080000000, 0x0000000100000000)
  region size 1024K, 100 young (102400K), 9 survivors (9216K)
 Metaspace       used 120056K, capacity 124895K, committed 125008K, reserved 624640K
  class space    used 15533K, capacity 17396K, committed 17408K, reserved 516096K
}
Event: 315.752 GC heap after
{Heap after GC invocations=122 (full 0):
 garbage-first heap   total 530432K, used 220851K [0x0000000080000000, 0x0000000100000000)
  region size 1024K, 7 young (7168K), 7 survivors (7168K)
 Metaspace       used 120056K, capacity 124895K, committed 125008K, reserved 624640K
  class space    used 15533K, capacity 17396K, committed 17408K, reserved 516096K
}
Event: 323.004 GC heap before
{Heap before GC invocations=122 (full 0):
 garbage-first heap   total 530432K, used 325299K [0x0000000080000000, 0x0000000100000000)
  region size 1024K, 110 young (112640K), 7 survivors (7168K)
 Metaspace       used 120368K, capacity 125251K, committed 125392K, reserved 624640K
  class space    used 15576K, capacity 17454K, committed 17536K, reserved 516096K
}
Event: 323.087 GC heap after
{Heap after GC invocations=123 (full 0):
 garbage-first heap   total 530432K, used 228175K [0x0000000080000000, 0x0000000100000000)
  region size 1024K, 14 young (14336K), 14 survivors (14336K)
 Metaspace       used 120368K, capacity 125251K, committed 125392K, reserved 624640K
  class space    used 15576K, capacity 17454K, committed 17536K, reserved 516096K
}

