# JRE version: OpenJDK Runtime Environment Microsoft-7208460 (11.0.18+10) (build 11.0.18+10-LTS)
# Java VM: OpenJDK 64-Bit Server VM Microsoft-7208460 (11.0.18+10-LTS, mixed mode, tiered, compressed oops, g1 gc, windows-amd64)
Heap:
 garbage-first heap   total 490496K, used 372995K [0x0000000080000000, 0x0000000100000000)
  region size 1024K, 25 young (25600K), 3 survivors (3072K)
 Metaspace       used 154339K, capacity 160236K, committed 160464K, reserved 655360K
  class space    used 19357K, capacity 21585K, committed 21632K, reserved 516096K
GC Heap History (20 events):
Event: 886.931 GC heap before
{Heap before GC invocations=232 (full 0):
 garbage-first heap   total 359424K, used 328422K [0x0000000080000000, 0x0000000100000000)
  region size 1024K, 17 young (17408K), 3 survivors (3072K)
 Metaspace       used 148865K, capacity 154535K, committed 154576K, reserved 651264K
  class space    used 18474K, capacity 20573K, committed 20608K, reserved 516096K
}
Event: 887.004 GC heap after
{Heap after GC invocations=233 (full 0):
 garbage-first heap   total 359424K, used 319046K [0x0000000080000000, 0x0000000100000000)
  region size 1024K, 3 young (3072K), 3 survivors (3072K)
 Metaspace       used 148865K, capacity 154535K, committed 154576K, reserved 651264K
  class space    used 18474K, capacity 20573K, committed 20608K, reserved 516096K
}
Event: 887.487 GC heap before
{Heap before GC invocations=234 (full 0):
 garbage-first heap   total 359424K, used 334406K [0x0000000080000000, 0x0000000100000000)
  region size 1024K, 17 young (17408K), 3 survivors (3072K)
 Metaspace       used 149535K, capacity 155226K, committed 155472K, reserved 651264K
  class space    used 18567K, capacity 20675K, committed 20736K, reserved 516096K
}
Event: 887.513 GC heap after
{Heap after GC invocations=235 (full 0):
 garbage-first heap   total 359424K, used 324059K [0x0000000080000000, 0x0000000100000000)
  region size 1024K, 3 young (3072K), 3 survivors (3072K)
 Metaspace       used 149535K, capacity 155226K, committed 155472K, reserved 651264K
  class space    used 18567K, capacity 20675K, committed 20736K, reserved 516096K
}
Event: 887.620 GC heap before
{Heap before GC invocations=235 (full 0):
 garbage-first heap   total 359424K, used 339419K [0x0000000080000000, 0x0000000100000000)
  region size 1024K, 17 young (17408K), 3 survivors (3072K)
 Metaspace       used 149867K, capacity 155503K, committed 155728K, reserved 651264K
  class space    used 18586K, capacity 20683K, committed 20736K, reserved 516096K
}
Event: 887.648 GC heap after
{Heap after GC invocations=236 (full 0):
 garbage-first heap   total 359424K, used 326572K [0x0000000080000000, 0x0000000100000000)
  region size 1024K, 3 young (3072K), 3 survivors (3072K)
 Metaspace       used 149867K, capacity 155503K, committed 155728K, reserved 651264K
  class space    used 18586K, capacity 20683K, committed 20736K, reserved 516096K
}
Event: 887.688 GC heap before
{Heap before GC invocations=236 (full 0):
 garbage-first heap   total 359424K, used 340908K [0x0000000080000000, 0x0000000100000000)
  region size 1024K, 17 young (17408K), 3 survivors (3072K)
 Metaspace       used 149982K, capacity 155738K, committed 155856K, reserved 651264K
  class space    used 18625K, capacity 20782K, committed 20864K, reserved 516096K
}
Event: 887.707 GC heap after
{Heap after GC invocations=237 (full 0):
 garbage-first heap   total 359424K, used 329542K [0x0000000080000000, 0x0000000100000000)
  region size 1024K, 3 young (3072K), 3 survivors (3072K)
 Metaspace       used 149982K, capacity 155738K, committed 155856K, reserved 651264K
  class space    used 18625K, capacity 20782K, committed 20864K, reserved 516096K
}
Event: 887.784 GC heap before
{Heap before GC invocations=237 (full 0):
 garbage-first heap   total 359424K, used 342854K [0x0000000080000000, 0x0000000100000000)
  region size 1024K, 17 young (17408K), 3 survivors (3072K)
 Metaspace       used 150155K, capacity 155868K, committed 156112K, reserved 653312K
  class space    used 18649K, capacity 20814K, committed 20864K, reserved 516096K
}
Event: 887.802 GC heap after
{Heap after GC invocations=238 (full 0):
 garbage-first heap   total 359424K, used 331954K [0x0000000080000000, 0x0000000100000000)
  region size 1024K, 3 young (3072K), 3 survivors (3072K)
 Metaspace       used 150155K, capacity 155868K, committed 156112K, reserved 653312K
  class space    used 18649K, capacity 20814K, committed 20864K, reserved 516096K
}
Event: 887.866 GC heap before
{Heap before GC invocations=238 (full 0):
 garbage-first heap   total 359424K, used 346290K [0x0000000080000000, 0x0000000100000000)
  region size 1024K, 17 young (17408K), 3 survivors (3072K)
 Metaspace       used 150324K, capacity 156066K, committed 156368K, reserved 653312K
  class space    used 18663K, capacity 20816K, committed 20864K, reserved 516096K
}
Event: 887.880 GC heap after
{Heap after GC invocations=239 (full 0):
 garbage-first heap   total 359424K, used 333718K [0x0000000080000000, 0x0000000100000000)
  region size 1024K, 2 young (2048K), 2 survivors (2048K)
 Metaspace       used 150324K, capacity 156066K, committed 156368K, reserved 653312K
  class space    used 18663K, capacity 20816K, committed 20864K, reserved 516096K
}
Event: 888.142 GC heap before
{Heap before GC invocations=239 (full 0):
 garbage-first heap   total 359424K, used 349078K [0x0000000080000000, 0x0000000100000000)
  region size 1024K, 17 young (17408K), 2 survivors (2048K)
 Metaspace       used 151421K, capacity 157270K, committed 157392K, reserved 653312K
  class space    used 18875K, capacity 21090K, committed 21120K, reserved 516096K
}
Event: 888.158 GC heap after
{Heap after GC invocations=240 (full 0):
 garbage-first heap   total 359424K, used 334908K [0x0000000080000000, 0x0000000100000000)
  region size 1024K, 3 young (3072K), 3 survivors (3072K)
 Metaspace       used 151421K, capacity 157270K, committed 157392K, reserved 653312K
  class space    used 18875K, capacity 21090K, committed 21120K, reserved 516096K
}
Event: 888.651 GC heap before
{Heap before GC invocations=240 (full 0):
 garbage-first heap   total 359424K, used 348220K [0x0000000080000000, 0x0000000100000000)
  region size 1024K, 17 young (17408K), 3 survivors (3072K)
 Metaspace       used 153660K, capacity 159511K, committed 159696K, reserved 655360K
  class space    used 19290K, capacity 21520K, committed 21632K, reserved 516096K
}
Event: 888.670 GC heap after
{Heap after GC invocations=241 (full 0):
 garbage-first heap   total 359424K, used 338359K [0x0000000080000000, 0x0000000100000000)
  region size 1024K, 3 young (3072K), 3 survivors (3072K)
 Metaspace       used 153660K, capacity 159511K, committed 159696K, reserved 655360K
  class space    used 19290K, capacity 21520K, committed 21632K, reserved 516096K
}
Event: 889.093 GC heap before
{Heap before GC invocations=241 (full 0):
 garbage-first heap   total 359424K, used 352695K [0x0000000080000000, 0x0000000100000000)
  region size 1024K, 17 young (17408K), 3 survivors (3072K)
 Metaspace       used 153985K, capacity 159869K, committed 160208K, reserved 655360K
  class space    used 19307K, capacity 21527K, committed 21632K, reserved 516096K
}
Event: 889.129 GC heap after
{Heap after GC invocations=242 (full 0):
 garbage-first heap   total 362496K, used 344806K [0x0000000080000000, 0x0000000100000000)
  region size 1024K, 3 young (3072K), 3 survivors (3072K)
 Metaspace       used 153985K, capacity 159869K, committed 160208K, reserved 655360K
  class space    used 19307K, capacity 21527K, committed 21632K, reserved 516096K
}
Event: 889.288 GC heap before
{Heap before GC invocations=242 (full 0):
 garbage-first heap   total 362496K, used 359142K [0x0000000080000000, 0x0000000100000000)
  region size 1024K, 17 young (17408K), 3 survivors (3072K)
 Metaspace       used 154232K, capacity 160161K, committed 160464K, reserved 655360K
  class space    used 19344K, capacity 21582K, committed 21632K, reserved 516096K
}
Event: 889.326 GC heap after
{Heap after GC invocations=243 (full 0):
 garbage-first heap   total 490496K, used 351491K [0x0000000080000000, 0x0000000100000000)
  region size 1024K, 3 young (3072K), 3 survivors (3072K)
 Metaspace       used 154232K, capacity 160161K, committed 160464K, reserved 655360K
  class space    used 19344K, capacity 21582K, committed 21632K, reserved 516096K
}

