# JRE version: OpenJDK Runtime Environment Microsoft-7208460 (11.0.18+10) (build 11.0.18+10-LTS)
# Java VM: OpenJDK 64-Bit Server VM Microsoft-7208460 (11.0.18+10-LTS, mixed mode, tiered, compressed oops, g1 gc, windows-amd64)
Heap:
 garbage-first heap   total 150528K, used 95388K [0x0000000080000000, 0x0000000100000000)
  region size 1024K, 11 young (11264K), 5 survivors (5120K)
 Metaspace       used 89762K, capacity 92265K, committed 92624K, reserved 595968K
  class space    used 11786K, capacity 12823K, committed 12928K, reserved 516096K
GC Heap History (20 events):
Event: 120.473 GC heap before
{Heap before GC invocations=43 (full 0):
 garbage-first heap   total 103424K, used 84564K [0x0000000080000000, 0x0000000100000000)
  region size 1024K, 11 young (11264K), 1 survivors (1024K)
 Metaspace       used 74941K, capacity 77303K, committed 77392K, reserved 583680K
  class space    used 9761K, capacity 10716K, committed 10752K, reserved 516096K
}
Event: 120.489 GC heap after
{Heap after GC invocations=44 (full 0):
 garbage-first heap   total 103424K, used 74660K [0x0000000080000000, 0x0000000100000000)
  region size 1024K, 1 young (1024K), 1 survivors (1024K)
 Metaspace       used 74941K, capacity 77303K, committed 77392K, reserved 583680K
  class space    used 9761K, capacity 10716K, committed 10752K, reserved 516096K
}
Event: 121.742 GC heap before
{Heap before GC invocations=45 (full 0):
 garbage-first heap   total 103424K, used 84900K [0x0000000080000000, 0x0000000100000000)
  region size 1024K, 11 young (11264K), 1 survivors (1024K)
 Metaspace       used 76491K, capacity 78810K, committed 79056K, reserved 585728K
  class space    used 9918K, capacity 10877K, committed 10880K, reserved 516096K
}
Event: 121.760 GC heap after
{Heap after GC invocations=46 (full 0):
 garbage-first heap   total 124928K, used 74960K [0x0000000080000000, 0x0000000100000000)
  region size 1024K, 2 young (2048K), 2 survivors (2048K)
 Metaspace       used 76491K, capacity 78810K, committed 79056K, reserved 585728K
  class space    used 9918K, capacity 10877K, committed 10880K, reserved 516096K
}
Event: 124.191 GC heap before
{Heap before GC invocations=46 (full 0):
 garbage-first heap   total 124928K, used 89296K [0x0000000080000000, 0x0000000100000000)
  region size 1024K, 18 young (18432K), 2 survivors (2048K)
 Metaspace       used 79241K, capacity 81617K, committed 81744K, reserved 587776K
  class space    used 10215K, capacity 11171K, committed 11264K, reserved 516096K
}
Event: 124.215 GC heap after
{Heap after GC invocations=47 (full 0):
 garbage-first heap   total 124928K, used 76828K [0x0000000080000000, 0x0000000100000000)
  region size 1024K, 3 young (3072K), 3 survivors (3072K)
 Metaspace       used 79241K, capacity 81617K, committed 81744K, reserved 587776K
  class space    used 10215K, capacity 11171K, committed 11264K, reserved 516096K
}
Event: 125.984 GC heap before
{Heap before GC invocations=48 (full 0):
 garbage-first heap   total 124928K, used 102428K [0x0000000080000000, 0x0000000100000000)
  region size 1024K, 21 young (21504K), 3 survivors (3072K)
 Metaspace       used 79833K, capacity 82185K, committed 82384K, reserved 587776K
  class space    used 10314K, capacity 11271K, committed 11392K, reserved 516096K
}
Event: 126.011 GC heap after
{Heap after GC invocations=49 (full 0):
 garbage-first heap   total 124928K, used 78878K [0x0000000080000000, 0x0000000100000000)
  region size 1024K, 3 young (3072K), 3 survivors (3072K)
 Metaspace       used 79833K, capacity 82185K, committed 82384K, reserved 587776K
  class space    used 10314K, capacity 11271K, committed 11392K, reserved 516096K
}
Event: 128.524 GC heap before
{Heap before GC invocations=49 (full 0):
 garbage-first heap   total 124928K, used 97310K [0x0000000080000000, 0x0000000100000000)
  region size 1024K, 21 young (21504K), 3 survivors (3072K)
 Metaspace       used 81477K, capacity 83804K, committed 84048K, reserved 589824K
  class space    used 10501K, capacity 11467K, committed 11520K, reserved 516096K
}
Event: 128.548 GC heap after
{Heap after GC invocations=50 (full 0):
 garbage-first heap   total 124928K, used 80198K [0x0000000080000000, 0x0000000100000000)
  region size 1024K, 2 young (2048K), 2 survivors (2048K)
 Metaspace       used 81477K, capacity 83804K, committed 84048K, reserved 589824K
  class space    used 10501K, capacity 11467K, committed 11520K, reserved 516096K
}
Event: 130.203 GC heap before
{Heap before GC invocations=51 (full 0):
 garbage-first heap   total 124928K, used 95558K [0x0000000080000000, 0x0000000100000000)
  region size 1024K, 18 young (18432K), 2 survivors (2048K)
 Metaspace       used 82793K, capacity 85065K, committed 85200K, reserved 589824K
  class space    used 10674K, capacity 11630K, committed 11648K, reserved 516096K
}
Event: 130.226 GC heap after
{Heap after GC invocations=52 (full 0):
 garbage-first heap   total 150528K, used 81055K [0x0000000080000000, 0x0000000100000000)
  region size 1024K, 3 young (3072K), 3 survivors (3072K)
 Metaspace       used 82793K, capacity 85065K, committed 85200K, reserved 589824K
  class space    used 10674K, capacity 11630K, committed 11648K, reserved 516096K
}
Event: 132.981 GC heap before
{Heap before GC invocations=53 (full 0):
 garbage-first heap   total 150528K, used 112799K [0x0000000080000000, 0x0000000100000000)
  region size 1024K, 33 young (33792K), 3 survivors (3072K)
 Metaspace       used 83785K, capacity 86135K, committed 86224K, reserved 591872K
  class space    used 10828K, capacity 11815K, committed 11904K, reserved 516096K
}
Event: 133.009 GC heap after
{Heap after GC invocations=54 (full 0):
 garbage-first heap   total 150528K, used 83077K [0x0000000080000000, 0x0000000100000000)
  region size 1024K, 5 young (5120K), 5 survivors (5120K)
 Metaspace       used 83785K, capacity 86135K, committed 86224K, reserved 591872K
  class space    used 10828K, capacity 11815K, committed 11904K, reserved 516096K
}
Event: 135.153 GC heap before
{Heap before GC invocations=54 (full 0):
 garbage-first heap   total 150528K, used 114821K [0x0000000080000000, 0x0000000100000000)
  region size 1024K, 36 young (36864K), 5 survivors (5120K)
 Metaspace       used 84023K, capacity 86504K, committed 86736K, reserved 591872K
  class space    used 10862K, capacity 11898K, committed 11904K, reserved 516096K
}
Event: 135.201 GC heap after
{Heap after GC invocations=55 (full 0):
 garbage-first heap   total 150528K, used 85824K [0x0000000080000000, 0x0000000100000000)
  region size 1024K, 5 young (5120K), 5 survivors (5120K)
 Metaspace       used 84023K, capacity 86504K, committed 86736K, reserved 591872K
  class space    used 10862K, capacity 11898K, committed 11904K, reserved 516096K
}
Event: 177.156 GC heap before
{Heap before GC invocations=56 (full 0):
 garbage-first heap   total 150528K, used 117568K [0x0000000080000000, 0x0000000100000000)
  region size 1024K, 36 young (36864K), 5 survivors (5120K)
 Metaspace       used 85756K, capacity 88234K, committed 88528K, reserved 593920K
  class space    used 11095K, capacity 12105K, committed 12160K, reserved 516096K
}
Event: 177.201 GC heap after
{Heap after GC invocations=57 (full 0):
 garbage-first heap   total 150528K, used 88214K [0x0000000080000000, 0x0000000100000000)
  region size 1024K, 5 young (5120K), 5 survivors (5120K)
 Metaspace       used 85756K, capacity 88234K, committed 88528K, reserved 593920K
  class space    used 11095K, capacity 12105K, committed 12160K, reserved 516096K
}
Event: 181.009 GC heap before
{Heap before GC invocations=57 (full 0):
 garbage-first heap   total 150528K, used 118934K [0x0000000080000000, 0x0000000100000000)
  region size 1024K, 35 young (35840K), 5 survivors (5120K)
 Metaspace       used 89434K, capacity 91933K, committed 91984K, reserved 595968K
  class space    used 11741K, capacity 12756K, committed 12800K, reserved 516096K
}
Event: 181.047 GC heap after
{Heap after GC invocations=58 (full 0):
 garbage-first heap   total 150528K, used 90268K [0x0000000080000000, 0x0000000100000000)
  region size 1024K, 5 young (5120K), 5 survivors (5120K)
 Metaspace       used 89434K, capacity 91933K, committed 91984K, reserved 595968K
  class space    used 11741K, capacity 12756K, committed 12800K, reserved 516096K
}

