# JRE version: OpenJDK Runtime Environment Microsoft-7208460 (11.0.18+10) (build 11.0.18+10-LTS)
# Java VM: OpenJDK 64-Bit Server VM Microsoft-7208460 (11.0.18+10-LTS, mixed mode, tiered, compressed oops, g1 gc, windows-amd64)
Heap:
 garbage-first heap   total 310272K, used 236796K [0x0000000080000000, 0x0000000100000000)
  region size 1024K, 19 young (19456K), 5 survivors (5120K)
 Metaspace       used 114393K, capacity 118942K, committed 119120K, reserved 620544K
  class space    used 14826K, capacity 16596K, committed 16640K, reserved 516096K
GC Heap History (20 events):
Event: 166.959 GC heap before
{Heap before GC invocations=102 (full 0):
 garbage-first heap   total 258048K, used 220640K [0x0000000080000000, 0x0000000100000000)
  region size 1024K, 25 young (25600K), 4 survivors (4096K)
 Metaspace       used 112797K, capacity 117241K, committed 117456K, reserved 618496K
  class space    used 14698K, capacity 16409K, committed 16512K, reserved 516096K
}
Event: 167.008 GC heap after
{Heap after GC invocations=103 (full 0):
 garbage-first heap   total 258048K, used 201650K [0x0000000080000000, 0x0000000100000000)
  region size 1024K, 3 young (3072K), 3 survivors (3072K)
 Metaspace       used 112797K, capacity 117241K, committed 117456K, reserved 618496K
  class space    used 14698K, capacity 16409K, committed 16512K, reserved 516096K
}
Event: 170.363 GC heap before
{Heap before GC invocations=103 (full 0):
 garbage-first heap   total 258048K, used 221106K [0x0000000080000000, 0x0000000100000000)
  region size 1024K, 23 young (23552K), 3 survivors (3072K)
 Metaspace       used 112955K, capacity 117377K, committed 117712K, reserved 618496K
  class space    used 14699K, capacity 16409K, committed 16512K, reserved 516096K
}
Event: 170.408 GC heap after
{Heap after GC invocations=104 (full 0):
 garbage-first heap   total 310272K, used 203285K [0x0000000080000000, 0x0000000100000000)
  region size 1024K, 2 young (2048K), 2 survivors (2048K)
 Metaspace       used 112955K, capacity 117377K, committed 117712K, reserved 618496K
  class space    used 14699K, capacity 16409K, committed 16512K, reserved 516096K
}
Event: 183.970 GC heap before
{Heap before GC invocations=105 (full 0):
 garbage-first heap   total 310272K, used 242197K [0x0000000080000000, 0x0000000100000000)
  region size 1024K, 41 young (41984K), 2 survivors (2048K)
 Metaspace       used 113449K, capacity 117984K, committed 118352K, reserved 618496K
  class space    used 14772K, capacity 16521K, committed 16640K, reserved 516096K
}
Event: 183.986 GC heap after
{Heap after GC invocations=106 (full 0):
 garbage-first heap   total 310272K, used 207180K [0x0000000080000000, 0x0000000100000000)
  region size 1024K, 6 young (6144K), 6 survivors (6144K)
 Metaspace       used 113449K, capacity 117984K, committed 118352K, reserved 618496K
  class space    used 14772K, capacity 16521K, committed 16640K, reserved 516096K
}
Event: 189.617 GC heap before
{Heap before GC invocations=106 (full 0):
 garbage-first heap   total 310272K, used 216396K [0x0000000080000000, 0x0000000100000000)
  region size 1024K, 15 young (15360K), 6 survivors (6144K)
 Metaspace       used 113450K, capacity 117984K, committed 118352K, reserved 618496K
  class space    used 14772K, capacity 16521K, committed 16640K, reserved 516096K
}
Event: 189.674 GC heap after
{Heap after GC invocations=107 (full 0):
 garbage-first heap   total 310272K, used 206589K [0x0000000080000000, 0x0000000100000000)
  region size 1024K, 2 young (2048K), 2 survivors (2048K)
 Metaspace       used 113450K, capacity 117984K, committed 118352K, reserved 618496K
  class space    used 14772K, capacity 16521K, committed 16640K, reserved 516096K
}
Event: 208.521 GC heap before
{Heap before GC invocations=107 (full 0):
 garbage-first heap   total 310272K, used 246525K [0x0000000080000000, 0x0000000100000000)
  region size 1024K, 41 young (41984K), 2 survivors (2048K)
 Metaspace       used 113458K, capacity 117988K, committed 118352K, reserved 618496K
  class space    used 14772K, capacity 16522K, committed 16640K, reserved 516096K
}
Event: 208.542 GC heap after
{Heap after GC invocations=108 (full 0):
 garbage-first heap   total 310272K, used 211900K [0x0000000080000000, 0x0000000100000000)
  region size 1024K, 6 young (6144K), 6 survivors (6144K)
 Metaspace       used 113458K, capacity 117988K, committed 118352K, reserved 618496K
  class space    used 14772K, capacity 16522K, committed 16640K, reserved 516096K
}
Event: 223.417 GC heap before
{Heap before GC invocations=108 (full 0):
 garbage-first heap   total 310272K, used 250812K [0x0000000080000000, 0x0000000100000000)
  region size 1024K, 45 young (46080K), 6 survivors (6144K)
 Metaspace       used 113910K, capacity 118450K, committed 118608K, reserved 618496K
  class space    used 14805K, capacity 16571K, committed 16640K, reserved 516096K
}
Event: 223.489 GC heap after
{Heap after GC invocations=109 (full 0):
 garbage-first heap   total 310272K, used 217601K [0x0000000080000000, 0x0000000100000000)
  region size 1024K, 6 young (6144K), 6 survivors (6144K)
 Metaspace       used 113910K, capacity 118450K, committed 118608K, reserved 618496K
  class space    used 14805K, capacity 16571K, committed 16640K, reserved 516096K
}
Event: 227.788 GC heap before
{Heap before GC invocations=109 (full 0):
 garbage-first heap   total 310272K, used 255489K [0x0000000080000000, 0x0000000100000000)
  region size 1024K, 44 young (45056K), 6 survivors (6144K)
 Metaspace       used 114169K, capacity 118755K, committed 118864K, reserved 618496K
  class space    used 14824K, capacity 16596K, committed 16640K, reserved 516096K
}
Event: 227.841 GC heap after
{Heap after GC invocations=110 (full 0):
 garbage-first heap   total 310272K, used 220900K [0x0000000080000000, 0x0000000100000000)
  region size 1024K, 5 young (5120K), 5 survivors (5120K)
 Metaspace       used 114169K, capacity 118755K, committed 118864K, reserved 618496K
  class space    used 14824K, capacity 16596K, committed 16640K, reserved 516096K
}
Event: 229.464 GC heap before
{Heap before GC invocations=111 (full 0):
 garbage-first heap   total 310272K, used 257764K [0x0000000080000000, 0x0000000100000000)
  region size 1024K, 42 young (43008K), 5 survivors (5120K)
 Metaspace       used 114302K, capacity 118855K, committed 119120K, reserved 620544K
  class space    used 14811K, capacity 16571K, committed 16640K, reserved 516096K
}
Event: 229.481 GC heap after
{Heap after GC invocations=112 (full 0):
 garbage-first heap   total 310272K, used 223214K [0x0000000080000000, 0x0000000100000000)
  region size 1024K, 4 young (4096K), 4 survivors (4096K)
 Metaspace       used 114302K, capacity 118855K, committed 119120K, reserved 620544K
  class space    used 14811K, capacity 16571K, committed 16640K, reserved 516096K
}
Event: 229.834 GC heap before
{Heap before GC invocations=112 (full 0):
 garbage-first heap   total 310272K, used 233454K [0x0000000080000000, 0x0000000100000000)
  region size 1024K, 15 young (15360K), 4 survivors (4096K)
 Metaspace       used 114312K, capacity 118856K, committed 119120K, reserved 620544K
  class space    used 14811K, capacity 16571K, committed 16640K, reserved 516096K
}
Event: 229.871 GC heap after
{Heap after GC invocations=113 (full 0):
 garbage-first heap   total 310272K, used 220381K [0x0000000080000000, 0x0000000100000000)
  region size 1024K, 2 young (2048K), 2 survivors (2048K)
 Metaspace       used 114312K, capacity 118856K, committed 119120K, reserved 620544K
  class space    used 14811K, capacity 16571K, committed 16640K, reserved 516096K
}
Event: 230.487 GC heap before
{Heap before GC invocations=113 (full 0):
 garbage-first heap   total 310272K, used 259293K [0x0000000080000000, 0x0000000100000000)
  region size 1024K, 41 young (41984K), 2 survivors (2048K)
 Metaspace       used 114378K, capacity 118929K, committed 119120K, reserved 620544K
  class space    used 14825K, capacity 16594K, committed 16640K, reserved 516096K
}
Event: 230.532 GC heap after
{Heap after GC invocations=114 (full 0):
 garbage-first heap   total 310272K, used 223484K [0x0000000080000000, 0x0000000100000000)
  region size 1024K, 5 young (5120K), 5 survivors (5120K)
 Metaspace       used 114378K, capacity 118929K, committed 119120K, reserved 620544K
  class space    used 14825K, capacity 16594K, committed 16640K, reserved 516096K
}

