# JRE version: OpenJDK Runtime Environment Microsoft-7208460 (11.0.18+10) (build 11.0.18+10-LTS)
# Java VM: OpenJDK 64-Bit Server VM Microsoft-7208460 (11.0.18+10-LTS, mixed mode, tiered, compressed oops, g1 gc, windows-amd64)
Heap:
 garbage-first heap   total 352256K, used 297568K [0x0000000080000000, 0x0000000100000000)
  region size 1024K, 21 young (21504K), 4 survivors (4096K)
 Metaspace       used 145410K, capacity 150826K, committed 150992K, reserved 647168K
  class space    used 17983K, capacity 20062K, committed 20096K, reserved 516096K
GC Heap History (20 events):
Event: 286.234 GC heap before
{Heap before GC invocations=121 (full 0):
 garbage-first heap   total 352256K, used 296198K [0x0000000080000000, 0x0000000100000000)
  region size 1024K, 61 young (62464K), 8 survivors (8192K)
 Metaspace       used 142541K, capacity 147941K, committed 148176K, reserved 645120K
  class space    used 17714K, capacity 19794K, committed 19840K, reserved 516096K
}
Event: 286.302 GC heap after
{Heap after GC invocations=122 (full 0):
 garbage-first heap   total 352256K, used 248379K [0x0000000080000000, 0x0000000100000000)
  region size 1024K, 7 young (7168K), 7 survivors (7168K)
 Metaspace       used 142541K, capacity 147941K, committed 148176K, reserved 645120K
  class space    used 17714K, capacity 19794K, committed 19840K, reserved 516096K
}
Event: 290.842 GC heap before
{Heap before GC invocations=122 (full 0):
 garbage-first heap   total 352256K, used 296507K [0x0000000080000000, 0x0000000100000000)
  region size 1024K, 55 young (56320K), 7 survivors (7168K)
 Metaspace       used 142579K, capacity 148007K, committed 148176K, reserved 645120K
  class space    used 17716K, capacity 19794K, committed 19840K, reserved 516096K
}
Event: 290.951 GC heap after
{Heap after GC invocations=123 (full 0):
 garbage-first heap   total 352256K, used 258311K [0x0000000080000000, 0x0000000100000000)
  region size 1024K, 7 young (7168K), 7 survivors (7168K)
 Metaspace       used 142579K, capacity 148007K, committed 148176K, reserved 645120K
  class space    used 17716K, capacity 19794K, committed 19840K, reserved 516096K
}
Event: 292.595 GC heap before
{Heap before GC invocations=123 (full 0):
 garbage-first heap   total 352256K, used 298247K [0x0000000080000000, 0x0000000100000000)
  region size 1024K, 46 young (47104K), 7 survivors (7168K)
 Metaspace       used 142606K, capacity 148007K, committed 148176K, reserved 645120K
  class space    used 17716K, capacity 19794K, committed 19840K, reserved 516096K
}
Event: 292.670 GC heap after
{Heap after GC invocations=124 (full 0):
 garbage-first heap   total 352256K, used 262501K [0x0000000080000000, 0x0000000100000000)
  region size 1024K, 4 young (4096K), 4 survivors (4096K)
 Metaspace       used 142606K, capacity 148007K, committed 148176K, reserved 645120K
  class space    used 17716K, capacity 19794K, committed 19840K, reserved 516096K
}
Event: 298.176 GC heap before
{Heap before GC invocations=125 (full 0):
 garbage-first heap   total 352256K, used 299365K [0x0000000080000000, 0x0000000100000000)
  region size 1024K, 41 young (41984K), 4 survivors (4096K)
 Metaspace       used 142985K, capacity 148376K, committed 148432K, reserved 645120K
  class space    used 17726K, capacity 19806K, committed 19840K, reserved 516096K
}
Event: 298.235 GC heap after
{Heap after GC invocations=126 (full 0):
 garbage-first heap   total 352256K, used 265389K [0x0000000080000000, 0x0000000100000000)
  region size 1024K, 5 young (5120K), 5 survivors (5120K)
 Metaspace       used 142985K, capacity 148376K, committed 148432K, reserved 645120K
  class space    used 17726K, capacity 19806K, committed 19840K, reserved 516096K
}
Event: 301.120 GC heap before
{Heap before GC invocations=126 (full 0):
 garbage-first heap   total 352256K, used 277677K [0x0000000080000000, 0x0000000100000000)
  region size 1024K, 17 young (17408K), 5 survivors (5120K)
 Metaspace       used 143236K, capacity 148641K, committed 148688K, reserved 645120K
  class space    used 17727K, capacity 19807K, committed 19840K, reserved 516096K
}
Event: 301.170 GC heap after
{Heap after GC invocations=127 (full 0):
 garbage-first heap   total 352256K, used 264963K [0x0000000080000000, 0x0000000100000000)
  region size 1024K, 1 young (1024K), 1 survivors (1024K)
 Metaspace       used 143236K, capacity 148641K, committed 148688K, reserved 645120K
  class space    used 17727K, capacity 19807K, committed 19840K, reserved 516096K
}
Event: 305.762 GC heap before
{Heap before GC invocations=127 (full 0):
 garbage-first heap   total 352256K, used 303874K [0x0000000080000000, 0x0000000100000000)
  region size 1024K, 38 young (38912K), 1 survivors (1024K)
 Metaspace       used 143322K, capacity 148773K, committed 148944K, reserved 647168K
  class space    used 17727K, capacity 19807K, committed 19840K, reserved 516096K
}
Event: 305.781 GC heap after
{Heap after GC invocations=128 (full 0):
 garbage-first heap   total 352256K, used 273842K [0x0000000080000000, 0x0000000100000000)
  region size 1024K, 5 young (5120K), 5 survivors (5120K)
 Metaspace       used 143322K, capacity 148773K, committed 148944K, reserved 647168K
  class space    used 17727K, capacity 19807K, committed 19840K, reserved 516096K
}
Event: 306.674 GC heap before
{Heap before GC invocations=128 (full 0):
 garbage-first heap   total 352256K, used 303538K [0x0000000080000000, 0x0000000100000000)
  region size 1024K, 34 young (34816K), 5 survivors (5120K)
 Metaspace       used 143457K, capacity 148970K, committed 149200K, reserved 647168K
  class space    used 17727K, capacity 19807K, committed 19840K, reserved 516096K
}
Event: 306.686 GC heap after
{Heap after GC invocations=129 (full 0):
 garbage-first heap   total 352256K, used 274237K [0x0000000080000000, 0x0000000100000000)
  region size 1024K, 2 young (2048K), 2 survivors (2048K)
 Metaspace       used 143457K, capacity 148970K, committed 149200K, reserved 647168K
  class space    used 17727K, capacity 19807K, committed 19840K, reserved 516096K
}
Event: 309.028 GC heap before
{Heap before GC invocations=129 (full 0):
 garbage-first heap   total 352256K, used 304957K [0x0000000080000000, 0x0000000100000000)
  region size 1024K, 32 young (32768K), 2 survivors (2048K)
 Metaspace       used 144359K, capacity 149828K, committed 150096K, reserved 647168K
  class space    used 17837K, capacity 19916K, committed 19968K, reserved 516096K
}
Event: 309.053 GC heap after
{Heap after GC invocations=130 (full 0):
 garbage-first heap   total 352256K, used 276151K [0x0000000080000000, 0x0000000100000000)
  region size 1024K, 4 young (4096K), 4 survivors (4096K)
 Metaspace       used 144359K, capacity 149828K, committed 150096K, reserved 647168K
  class space    used 17837K, capacity 19916K, committed 19968K, reserved 516096K
}
Event: 312.165 GC heap before
{Heap before GC invocations=130 (full 0):
 garbage-first heap   total 352256K, used 306871K [0x0000000080000000, 0x0000000100000000)
  region size 1024K, 33 young (33792K), 4 survivors (4096K)
 Metaspace       used 145332K, capacity 150816K, committed 150992K, reserved 647168K
  class space    used 17982K, capacity 20061K, committed 20096K, reserved 516096K
}
Event: 312.208 GC heap after
{Heap after GC invocations=131 (full 0):
 garbage-first heap   total 352256K, used 282760K [0x0000000080000000, 0x0000000100000000)
  region size 1024K, 5 young (5120K), 5 survivors (5120K)
 Metaspace       used 145332K, capacity 150816K, committed 150992K, reserved 647168K
  class space    used 17982K, capacity 20061K, committed 20096K, reserved 516096K
}
Event: 316.194 GC heap before
{Heap before GC invocations=131 (full 0):
 garbage-first heap   total 352256K, used 305288K [0x0000000080000000, 0x0000000100000000)
  region size 1024K, 27 young (27648K), 5 survivors (5120K)
 Metaspace       used 145354K, capacity 150817K, committed 150992K, reserved 647168K
  class space    used 17982K, capacity 20061K, committed 20096K, reserved 516096K
}
Event: 316.372 GC heap after
{Heap after GC invocations=132 (full 0):
 garbage-first heap   total 352256K, used 288352K [0x0000000080000000, 0x0000000100000000)
  region size 1024K, 4 young (4096K), 4 survivors (4096K)
 Metaspace       used 145354K, capacity 150817K, committed 150992K, reserved 647168K
  class space    used 17982K, capacity 20061K, committed 20096K, reserved 516096K
}

