# JRE version: OpenJDK Runtime Environment Microsoft-7208460 (11.0.18+10) (build 11.0.18+10-LTS)
# Java VM: OpenJDK 64-Bit Server VM Microsoft-7208460 (11.0.18+10-LTS, mixed mode, tiered, compressed oops, g1 gc, windows-amd64)
Heap:
 garbage-first heap   total 675840K, used 311738K [0x0000000080000000, 0x0000000100000000)
  region size 1024K, 2 young (2048K), 2 survivors (2048K)
 Metaspace       used 122176K, capacity 126965K, committed 127184K, reserved 626688K
  class space    used 15927K, capacity 17770K, committed 17792K, reserved 516096K
GC Heap History (20 events):
Event: 243.882 GC heap after
{Heap after GC invocations=116 (full 0):
 garbage-first heap   total 316416K, used 247954K [0x0000000080000000, 0x0000000100000000)
  region size 1024K, 5 young (5120K), 5 survivors (5120K)
 Metaspace       used 116711K, capacity 121440K, committed 121680K, reserved 622592K
  class space    used 15028K, capacity 16801K, committed 16896K, reserved 516096K
}
Event: 244.377 GC heap before
{Heap before GC invocations=116 (full 0):
 garbage-first heap   total 316416K, used 279698K [0x0000000080000000, 0x0000000100000000)
  region size 1024K, 32 young (32768K), 5 survivors (5120K)
 Metaspace       used 117025K, capacity 121704K, committed 121936K, reserved 622592K
  class space    used 15076K, capacity 16867K, committed 16896K, reserved 516096K
}
Event: 244.392 GC heap after
{Heap after GC invocations=117 (full 0):
 garbage-first heap   total 316416K, used 259408K [0x0000000080000000, 0x0000000100000000)
  region size 1024K, 4 young (4096K), 4 survivors (4096K)
 Metaspace       used 117025K, capacity 121704K, committed 121936K, reserved 622592K
  class space    used 15076K, capacity 16867K, committed 16896K, reserved 516096K
}
Event: 244.917 GC heap before
{Heap before GC invocations=117 (full 0):
 garbage-first heap   total 316416K, used 269648K [0x0000000080000000, 0x0000000100000000)
  region size 1024K, 16 young (16384K), 4 survivors (4096K)
 Metaspace       used 119577K, capacity 124251K, committed 124368K, reserved 624640K
  class space    used 15431K, capacity 17250K, committed 17280K, reserved 516096K
}
Event: 244.926 GC heap after
{Heap after GC invocations=118 (full 0):
 garbage-first heap   total 316416K, used 261515K [0x0000000080000000, 0x0000000100000000)
  region size 1024K, 2 young (2048K), 2 survivors (2048K)
 Metaspace       used 119577K, capacity 124251K, committed 124368K, reserved 624640K
  class space    used 15431K, capacity 17250K, committed 17280K, reserved 516096K
}
Event: 244.947 GC heap before
{Heap before GC invocations=118 (full 0):
 garbage-first heap   total 316416K, used 285067K [0x0000000080000000, 0x0000000100000000)
  region size 1024K, 15 young (15360K), 2 survivors (2048K)
 Metaspace       used 119584K, capacity 124315K, committed 124368K, reserved 624640K
  class space    used 15431K, capacity 17250K, committed 17280K, reserved 516096K
}
Event: 244.951 GC heap after
{Heap after GC invocations=119 (full 0):
 garbage-first heap   total 316416K, used 271360K [0x0000000080000000, 0x0000000100000000)
  region size 1024K, 2 young (2048K), 2 survivors (2048K)
 Metaspace       used 119584K, capacity 124315K, committed 124368K, reserved 624640K
  class space    used 15431K, capacity 17250K, committed 17280K, reserved 516096K
}
Event: 245.226 GC heap before
{Heap before GC invocations=119 (full 0):
 garbage-first heap   total 316416K, used 294912K [0x0000000080000000, 0x0000000100000000)
  region size 1024K, 15 young (15360K), 2 survivors (2048K)
 Metaspace       used 119902K, capacity 124611K, committed 124752K, reserved 624640K
  class space    used 15474K, capacity 17284K, committed 17408K, reserved 516096K
}
Event: 245.237 GC heap after
{Heap after GC invocations=120 (full 0):
 garbage-first heap   total 316416K, used 280623K [0x0000000080000000, 0x0000000100000000)
  region size 1024K, 2 young (2048K), 2 survivors (2048K)
 Metaspace       used 119902K, capacity 124611K, committed 124752K, reserved 624640K
  class space    used 15474K, capacity 17284K, committed 17408K, reserved 516096K
}
Event: 245.453 GC heap before
{Heap before GC invocations=120 (full 0):
 garbage-first heap   total 316416K, used 292911K [0x0000000080000000, 0x0000000100000000)
  region size 1024K, 15 young (15360K), 2 survivors (2048K)
 Metaspace       used 119904K, capacity 124611K, committed 124752K, reserved 624640K
  class space    used 15474K, capacity 17284K, committed 17408K, reserved 516096K
}
Event: 245.476 GC heap after
{Heap after GC invocations=121 (full 0):
 garbage-first heap   total 316416K, used 286690K [0x0000000080000000, 0x0000000100000000)
  region size 1024K, 2 young (2048K), 2 survivors (2048K)
 Metaspace       used 119904K, capacity 124611K, committed 124752K, reserved 624640K
  class space    used 15474K, capacity 17284K, committed 17408K, reserved 516096K
}
Event: 245.665 GC heap before
{Heap before GC invocations=121 (full 0):
 garbage-first heap   total 316416K, used 301026K [0x0000000080000000, 0x0000000100000000)
  region size 1024K, 15 young (15360K), 2 survivors (2048K)
 Metaspace       used 119904K, capacity 124611K, committed 124752K, reserved 624640K
  class space    used 15474K, capacity 17284K, committed 17408K, reserved 516096K
}
Event: 245.693 GC heap after
{Heap after GC invocations=122 (full 0):
 garbage-first heap   total 316416K, used 293876K [0x0000000080000000, 0x0000000100000000)
  region size 1024K, 2 young (2048K), 2 survivors (2048K)
 Metaspace       used 119904K, capacity 124611K, committed 124752K, reserved 624640K
  class space    used 15474K, capacity 17284K, committed 17408K, reserved 516096K
}
Event: 245.816 GC heap before
{Heap before GC invocations=122 (full 0):
 garbage-first heap   total 316416K, used 307188K [0x0000000080000000, 0x0000000100000000)
  region size 1024K, 15 young (15360K), 2 survivors (2048K)
 Metaspace       used 119904K, capacity 124611K, committed 124752K, reserved 624640K
  class space    used 15474K, capacity 17284K, committed 17408K, reserved 516096K
}
Event: 245.895 GC heap after
{Heap after GC invocations=123 (full 0):
 garbage-first heap   total 316416K, used 300246K [0x0000000080000000, 0x0000000100000000)
  region size 1024K, 2 young (2048K), 2 survivors (2048K)
 Metaspace       used 119904K, capacity 124611K, committed 124752K, reserved 624640K
  class space    used 15474K, capacity 17284K, committed 17408K, reserved 516096K
}
Event: 247.069 GC heap before
{Heap before GC invocations=123 (full 0):
 garbage-first heap   total 316416K, used 312534K [0x0000000080000000, 0x0000000100000000)
  region size 1024K, 15 young (15360K), 2 survivors (2048K)
 Metaspace       used 120510K, capacity 125279K, committed 125520K, reserved 624640K
  class space    used 15575K, capacity 17401K, committed 17408K, reserved 516096K
}
Event: 247.170 GC heap after
{Heap after GC invocations=124 (full 0):
 garbage-first heap   total 320512K, used 305152K [0x0000000080000000, 0x0000000100000000)
  region size 1024K, 2 young (2048K), 2 survivors (2048K)
 Metaspace       used 120510K, capacity 125279K, committed 125520K, reserved 624640K
  class space    used 15575K, capacity 17401K, committed 17408K, reserved 516096K
}
Event: 248.730 GC heap before
{Heap before GC invocations=125 (full 0):
 garbage-first heap   total 320512K, used 318464K [0x0000000080000000, 0x0000000100000000)
  region size 1024K, 15 young (15360K), 2 survivors (2048K)
 Metaspace       used 122134K, capacity 126896K, committed 126928K, reserved 626688K
  class space    used 15927K, capacity 17770K, committed 17792K, reserved 516096K
}
Event: 248.822 GC heap after
{Heap after GC invocations=126 (full 0):
 garbage-first heap   total 325632K, used 310172K [0x0000000080000000, 0x0000000100000000)
  region size 1024K, 2 young (2048K), 2 survivors (2048K)
 Metaspace       used 122134K, capacity 126896K, committed 126928K, reserved 626688K
  class space    used 15927K, capacity 17770K, committed 17792K, reserved 516096K
}
Event: 249.468 GC heap before
{Heap before GC invocations=126 (full 0):
 garbage-first heap   total 325632K, used 323484K [0x0000000080000000, 0x0000000100000000)
  region size 1024K, 15 young (15360K), 2 survivors (2048K)
 Metaspace       used 122176K, capacity 126965K, committed 127184K, reserved 626688K
  class space    used 15927K, capacity 17770K, committed 17792K, reserved 516096K
}

