# JRE version: OpenJDK Runtime Environment Microsoft-7208460 (11.0.18+10) (build 11.0.18+10-LTS)
# Java VM: OpenJDK 64-Bit Server VM Microsoft-7208460 (11.0.18+10-LTS, mixed mode, tiered, compressed oops, g1 gc, windows-amd64)
Heap:
 garbage-first heap   total 416768K, used 286271K [0x0000000080000000, 0x0000000100000000)
  region size 1024K, 51 young (52224K), 5 survivors (5120K)
 Metaspace       used 160744K, capacity 168172K, committed 168400K, reserved 661504K
  class space    used 20875K, capacity 23634K, committed 23680K, reserved 516096K
GC Heap History (20 events):
Event: 4095.577 GC heap before
{Heap before GC invocations=155 (full 0):
 garbage-first heap   total 416768K, used 221598K [0x0000000080000000, 0x0000000100000000)
  region size 1024K, 46 young (47104K), 7 survivors (7168K)
 Metaspace       used 146285K, capacity 152647K, committed 153168K, reserved 649216K
  class space    used 19002K, capacity 21354K, committed 21504K, reserved 516096K
}
Event: 4095.677 GC heap after
{Heap after GC invocations=156 (full 0):
 garbage-first heap   total 416768K, used 186983K [0x0000000080000000, 0x0000000100000000)
  region size 1024K, 5 young (5120K), 5 survivors (5120K)
 Metaspace       used 146285K, capacity 152647K, committed 153168K, reserved 649216K
  class space    used 19002K, capacity 21354K, committed 21504K, reserved 516096K
}
Event: 4099.108 GC heap before
{Heap before GC invocations=156 (full 0):
 garbage-first heap   total 416768K, used 229991K [0x0000000080000000, 0x0000000100000000)
  region size 1024K, 47 young (48128K), 5 survivors (5120K)
 Metaspace       used 148099K, capacity 154581K, committed 154960K, reserved 651264K
  class space    used 19236K, capacity 21638K, committed 21760K, reserved 516096K
}
Event: 4099.173 GC heap after
{Heap after GC invocations=157 (full 0):
 garbage-first heap   total 416768K, used 191016K [0x0000000080000000, 0x0000000100000000)
  region size 1024K, 5 young (5120K), 5 survivors (5120K)
 Metaspace       used 148099K, capacity 154581K, committed 154960K, reserved 651264K
  class space    used 19236K, capacity 21638K, committed 21760K, reserved 516096K
}
Event: 4104.849 GC heap before
{Heap before GC invocations=157 (full 0):
 garbage-first heap   total 416768K, used 241192K [0x0000000080000000, 0x0000000100000000)
  region size 1024K, 54 young (55296K), 5 survivors (5120K)
 Metaspace       used 150017K, capacity 156833K, committed 157136K, reserved 651264K
  class space    used 19494K, capacity 22030K, committed 22144K, reserved 516096K
}
Event: 4104.987 GC heap after
{Heap after GC invocations=158 (full 0):
 garbage-first heap   total 416768K, used 197913K [0x0000000080000000, 0x0000000100000000)
  region size 1024K, 7 young (7168K), 7 survivors (7168K)
 Metaspace       used 150017K, capacity 156833K, committed 157136K, reserved 651264K
  class space    used 19494K, capacity 22030K, committed 22144K, reserved 516096K
}
Event: 4108.997 GC heap before
{Heap before GC invocations=158 (full 0):
 garbage-first heap   total 416768K, used 242969K [0x0000000080000000, 0x0000000100000000)
  region size 1024K, 52 young (53248K), 7 survivors (7168K)
 Metaspace       used 151893K, capacity 158915K, committed 159184K, reserved 653312K
  class space    used 19734K, capacity 22337K, committed 22400K, reserved 516096K
}
Event: 4109.169 GC heap after
{Heap after GC invocations=159 (full 0):
 garbage-first heap   total 416768K, used 200910K [0x0000000080000000, 0x0000000100000000)
  region size 1024K, 3 young (3072K), 3 survivors (3072K)
 Metaspace       used 151893K, capacity 158915K, committed 159184K, reserved 653312K
  class space    used 19734K, capacity 22337K, committed 22400K, reserved 516096K
}
Event: 4112.064 GC heap before
{Heap before GC invocations=159 (full 0):
 garbage-first heap   total 416768K, used 244942K [0x0000000080000000, 0x0000000100000000)
  region size 1024K, 46 young (47104K), 3 survivors (3072K)
 Metaspace       used 153919K, capacity 161161K, committed 161360K, reserved 655360K
  class space    used 20030K, capacity 22695K, committed 22784K, reserved 516096K
}
Event: 4112.154 GC heap after
{Heap after GC invocations=160 (full 0):
 garbage-first heap   total 416768K, used 206848K [0x0000000080000000, 0x0000000100000000)
  region size 1024K, 6 young (6144K), 6 survivors (6144K)
 Metaspace       used 153919K, capacity 161161K, committed 161360K, reserved 655360K
  class space    used 20030K, capacity 22695K, committed 22784K, reserved 516096K
}
Event: 4115.076 GC heap before
{Heap before GC invocations=160 (full 0):
 garbage-first heap   total 416768K, used 250880K [0x0000000080000000, 0x0000000100000000)
  region size 1024K, 49 young (50176K), 6 survivors (6144K)
 Metaspace       used 157393K, capacity 164645K, committed 164944K, reserved 659456K
  class space    used 20513K, capacity 23201K, committed 23296K, reserved 516096K
}
Event: 4115.113 GC heap after
{Heap after GC invocations=161 (full 0):
 garbage-first heap   total 416768K, used 211446K [0x0000000080000000, 0x0000000100000000)
  region size 1024K, 4 young (4096K), 4 survivors (4096K)
 Metaspace       used 157393K, capacity 164645K, committed 164944K, reserved 659456K
  class space    used 20513K, capacity 23201K, committed 23296K, reserved 516096K
}
Event: 4119.608 GC heap before
{Heap before GC invocations=161 (full 0):
 garbage-first heap   total 416768K, used 262646K [0x0000000080000000, 0x0000000100000000)
  region size 1024K, 54 young (55296K), 4 survivors (4096K)
 Metaspace       used 157938K, capacity 165328K, committed 165456K, reserved 659456K
  class space    used 20550K, capacity 23239K, committed 23296K, reserved 516096K
}
Event: 4119.773 GC heap after
{Heap after GC invocations=162 (full 0):
 garbage-first heap   total 416768K, used 222000K [0x0000000080000000, 0x0000000100000000)
  region size 1024K, 7 young (7168K), 7 survivors (7168K)
 Metaspace       used 157938K, capacity 165328K, committed 165456K, reserved 659456K
  class space    used 20550K, capacity 23239K, committed 23296K, reserved 516096K
}
Event: 4127.544 GC heap before
{Heap before GC invocations=162 (full 0):
 garbage-first heap   total 416768K, used 271152K [0x0000000080000000, 0x0000000100000000)
  region size 1024K, 55 young (56320K), 7 survivors (7168K)
 Metaspace       used 158059K, capacity 165462K, committed 165712K, reserved 659456K
  class space    used 20556K, capacity 23239K, committed 23296K, reserved 516096K
}
Event: 4127.792 GC heap after
{Heap after GC invocations=163 (full 0):
 garbage-first heap   total 416768K, used 229713K [0x0000000080000000, 0x0000000100000000)
  region size 1024K, 7 young (7168K), 7 survivors (7168K)
 Metaspace       used 158059K, capacity 165462K, committed 165712K, reserved 659456K
  class space    used 20556K, capacity 23239K, committed 23296K, reserved 516096K
}
Event: 4132.803 GC heap before
{Heap before GC invocations=163 (full 0):
 garbage-first heap   total 416768K, used 275793K [0x0000000080000000, 0x0000000100000000)
  region size 1024K, 52 young (53248K), 7 survivors (7168K)
 Metaspace       used 158887K, capacity 166319K, committed 166608K, reserved 659456K
  class space    used 20647K, capacity 23350K, committed 23424K, reserved 516096K
}
Event: 4132.941 GC heap after
{Heap after GC invocations=164 (full 0):
 garbage-first heap   total 416768K, used 236232K [0x0000000080000000, 0x0000000100000000)
  region size 1024K, 6 young (6144K), 6 survivors (6144K)
 Metaspace       used 158887K, capacity 166319K, committed 166608K, reserved 659456K
  class space    used 20647K, capacity 23350K, committed 23424K, reserved 516096K
}
Event: 4139.483 GC heap before
{Heap before GC invocations=164 (full 0):
 garbage-first heap   total 416768K, used 283336K [0x0000000080000000, 0x0000000100000000)
  region size 1024K, 52 young (53248K), 6 survivors (6144K)
 Metaspace       used 160582K, capacity 168038K, committed 168144K, reserved 661504K
  class space    used 20854K, capacity 23615K, committed 23680K, reserved 516096K
}
Event: 4139.621 GC heap after
{Heap after GC invocations=165 (full 0):
 garbage-first heap   total 416768K, used 241215K [0x0000000080000000, 0x0000000100000000)
  region size 1024K, 5 young (5120K), 5 survivors (5120K)
 Metaspace       used 160582K, capacity 168038K, committed 168144K, reserved 661504K
  class space    used 20854K, capacity 23615K, committed 23680K, reserved 516096K
}

