# JRE version: OpenJDK Runtime Environment Microsoft-7208460 (11.0.18+10) (build 11.0.18+10-LTS)
# Java VM: OpenJDK 64-Bit Server VM Microsoft-7208460 (11.0.18+10-LTS, mixed mode, tiered, compressed oops, g1 gc, windows-amd64)
Heap:
 garbage-first heap   total 761856K, used 231955K [0x0000000080000000, 0x0000000100000000)
  region size 1024K, 4 young (4096K), 4 survivors (4096K)
 Metaspace       used 123555K, capacity 129070K, committed 129232K, reserved 628736K
  class space    used 15434K, capacity 17464K, committed 17536K, reserved 516096K
GC Heap History (20 events):
Event: 14885.444 GC heap after
{Heap after GC invocations=219 (full 0):
 garbage-first heap   total 428032K, used 383066K [0x0000000080000000, 0x0000000100000000)
  region size 1024K, 2 young (2048K), 2 survivors (2048K)
 Metaspace       used 123345K, capacity 128869K, committed 128976K, reserved 628736K
  class space    used 15435K, capacity 17466K, committed 17536K, reserved 516096K
}
Event: 14885.709 GC heap before
{Heap before GC invocations=219 (full 0):
 garbage-first heap   total 428032K, used 401498K [0x0000000080000000, 0x0000000100000000)
  region size 1024K, 20 young (20480K), 2 survivors (2048K)
 Metaspace       used 123382K, capacity 128870K, committed 128976K, reserved 628736K
  class space    used 15435K, capacity 17466K, committed 17536K, reserved 516096K
}
Event: 14885.727 GC heap after
{Heap after GC invocations=220 (full 0):
 garbage-first heap   total 428032K, used 389101K [0x0000000080000000, 0x0000000100000000)
  region size 1024K, 3 young (3072K), 3 survivors (3072K)
 Metaspace       used 123382K, capacity 128870K, committed 128976K, reserved 628736K
  class space    used 15435K, capacity 17466K, committed 17536K, reserved 516096K
}
Event: 14885.954 GC heap before
{Heap before GC invocations=220 (full 0):
 garbage-first heap   total 428032K, used 406509K [0x0000000080000000, 0x0000000100000000)
  region size 1024K, 20 young (20480K), 3 survivors (3072K)
 Metaspace       used 123391K, capacity 128870K, committed 128976K, reserved 628736K
  class space    used 15435K, capacity 17466K, committed 17536K, reserved 516096K
}
Event: 14885.970 GC heap after
{Heap after GC invocations=221 (full 0):
 garbage-first heap   total 428032K, used 392256K [0x0000000080000000, 0x0000000100000000)
  region size 1024K, 3 young (3072K), 3 survivors (3072K)
 Metaspace       used 123391K, capacity 128870K, committed 128976K, reserved 628736K
  class space    used 15435K, capacity 17466K, committed 17536K, reserved 516096K
}
Event: 14887.211 GC heap before
{Heap before GC invocations=221 (full 0):
 garbage-first heap   total 428032K, used 329792K [0x0000000080000000, 0x0000000100000000)
  region size 1024K, 20 young (20480K), 3 survivors (3072K)
 Metaspace       used 123441K, capacity 128932K, committed 129232K, reserved 628736K
  class space    used 15434K, capacity 17464K, committed 17536K, reserved 516096K
}
Event: 14887.235 GC heap after
{Heap after GC invocations=222 (full 0):
 garbage-first heap   total 428032K, used 316379K [0x0000000080000000, 0x0000000100000000)
  region size 1024K, 3 young (3072K), 3 survivors (3072K)
 Metaspace       used 123441K, capacity 128932K, committed 129232K, reserved 628736K
  class space    used 15434K, capacity 17464K, committed 17536K, reserved 516096K
}
Event: 14888.812 GC heap before
{Heap before GC invocations=223 (full 0):
 garbage-first heap   total 428032K, used 351195K [0x0000000080000000, 0x0000000100000000)
  region size 1024K, 37 young (37888K), 3 survivors (3072K)
 Metaspace       used 123482K, capacity 128999K, committed 129232K, reserved 628736K
  class space    used 15434K, capacity 17464K, committed 17536K, reserved 516096K
}
Event: 14889.007 GC heap after
{Heap after GC invocations=224 (full 0):
 garbage-first heap   total 428032K, used 328009K [0x0000000080000000, 0x0000000100000000)
  region size 1024K, 5 young (5120K), 5 survivors (5120K)
 Metaspace       used 123482K, capacity 128999K, committed 129232K, reserved 628736K
  class space    used 15434K, capacity 17464K, committed 17536K, reserved 516096K
}
Event: 14890.912 GC heap before
{Heap before GC invocations=224 (full 0):
 garbage-first heap   total 428032K, used 343369K [0x0000000080000000, 0x0000000100000000)
  region size 1024K, 20 young (20480K), 5 survivors (5120K)
 Metaspace       used 123493K, capacity 129000K, committed 129232K, reserved 628736K
  class space    used 15434K, capacity 17464K, committed 17536K, reserved 516096K
}
Event: 14891.025 GC heap after
{Heap after GC invocations=225 (full 0):
 garbage-first heap   total 428032K, used 287953K [0x0000000080000000, 0x0000000100000000)
  region size 1024K, 3 young (3072K), 3 survivors (3072K)
 Metaspace       used 123493K, capacity 129000K, committed 129232K, reserved 628736K
  class space    used 15434K, capacity 17464K, committed 17536K, reserved 516096K
}
Event: 14891.526 GC heap before
{Heap before GC invocations=225 (full 0):
 garbage-first heap   total 428032K, used 305361K [0x0000000080000000, 0x0000000100000000)
  region size 1024K, 20 young (20480K), 3 survivors (3072K)
 Metaspace       used 123496K, capacity 129001K, committed 129232K, reserved 628736K
  class space    used 15434K, capacity 17464K, committed 17536K, reserved 516096K
}
Event: 14891.598 GC heap after
{Heap after GC invocations=226 (full 0):
 garbage-first heap   total 428032K, used 247504K [0x0000000080000000, 0x0000000100000000)
  region size 1024K, 3 young (3072K), 3 survivors (3072K)
 Metaspace       used 123496K, capacity 129001K, committed 129232K, reserved 628736K
  class space    used 15434K, capacity 17464K, committed 17536K, reserved 516096K
}
Event: 14892.217 GC heap before
{Heap before GC invocations=226 (full 0):
 garbage-first heap   total 428032K, used 263888K [0x0000000080000000, 0x0000000100000000)
  region size 1024K, 20 young (20480K), 3 survivors (3072K)
 Metaspace       used 123499K, capacity 129002K, committed 129232K, reserved 628736K
  class space    used 15434K, capacity 17464K, committed 17536K, reserved 516096K
}
Event: 14892.450 GC heap after
{Heap after GC invocations=227 (full 0):
 garbage-first heap   total 428032K, used 222946K [0x0000000080000000, 0x0000000100000000)
  region size 1024K, 3 young (3072K), 3 survivors (3072K)
 Metaspace       used 123499K, capacity 129002K, committed 129232K, reserved 628736K
  class space    used 15434K, capacity 17464K, committed 17536K, reserved 516096K
}
Event: 14892.850 GC heap before
{Heap before GC invocations=227 (full 0):
 garbage-first heap   total 428032K, used 240354K [0x0000000080000000, 0x0000000100000000)
  region size 1024K, 20 young (20480K), 3 survivors (3072K)
 Metaspace       used 123499K, capacity 129002K, committed 129232K, reserved 628736K
  class space    used 15434K, capacity 17464K, committed 17536K, reserved 516096K
}
Event: 14893.080 GC heap after
{Heap after GC invocations=228 (full 0):
 garbage-first heap   total 428032K, used 220960K [0x0000000080000000, 0x0000000100000000)
  region size 1024K, 3 young (3072K), 3 survivors (3072K)
 Metaspace       used 123499K, capacity 129002K, committed 129232K, reserved 628736K
  class space    used 15434K, capacity 17464K, committed 17536K, reserved 516096K
}
Event: 14893.975 GC heap before
{Heap before GC invocations=228 (full 0):
 garbage-first heap   total 428032K, used 261920K [0x0000000080000000, 0x0000000100000000)
  region size 1024K, 43 young (44032K), 3 survivors (3072K)
 Metaspace       used 123533K, capacity 129066K, committed 129232K, reserved 628736K
  class space    used 15434K, capacity 17464K, committed 17536K, reserved 516096K
}
Event: 14894.058 GC heap after
{Heap after GC invocations=229 (full 0):
 garbage-first heap   total 428032K, used 227766K [0x0000000080000000, 0x0000000100000000)
  region size 1024K, 6 young (6144K), 6 survivors (6144K)
 Metaspace       used 123533K, capacity 129066K, committed 129232K, reserved 628736K
  class space    used 15434K, capacity 17464K, committed 17536K, reserved 516096K
}
Event: 14901.857 GC heap before
{Heap before GC invocations=229 (full 0):
 garbage-first heap   total 428032K, used 271798K [0x0000000080000000, 0x0000000100000000)
  region size 1024K, 49 young (50176K), 6 survivors (6144K)
 Metaspace       used 123555K, capacity 129070K, committed 129232K, reserved 628736K
  class space    used 15434K, capacity 17464K, committed 17536K, reserved 516096K
}

