# JRE version: OpenJDK Runtime Environment Microsoft-7208460 (11.0.18+10) (build 11.0.18+10-LTS)
# Java VM: OpenJDK 64-Bit Server VM Microsoft-7208460 (11.0.18+10-LTS, mixed mode, tiered, compressed oops, g1 gc, windows-amd64)
Heap:
 garbage-first heap   total 65536K, used 16866K [0x00000000fc000000, 0x0000000100000000)
  region size 1024K, 10 young (10240K), 2 survivors (2048K)
 Metaspace       used 12624K, capacity 12924K, committed 13056K, reserved 1062912K
  class space    used 1380K, capacity 1478K, committed 1536K, reserved 1048576K
GC Heap History (6 events):
Event: 4.388 GC heap before
{Heap before GC invocations=0 (full 0):
 garbage-first heap   total 65536K, used 16384K [0x00000000fc000000, 0x0000000100000000)
  region size 1024K, 14 young (14336K), 0 survivors (0K)
 Metaspace       used 7629K, capacity 7825K, committed 7936K, reserved 1056768K
  class space    used 668K, capacity 754K, committed 768K, reserved 1048576K
}
Event: 4.482 GC heap after
{Heap after GC invocations=1 (full 0):
 garbage-first heap   total 65536K, used 3312K [0x00000000fc000000, 0x0000000100000000)
  region size 1024K, 2 young (2048K), 2 survivors (2048K)
 Metaspace       used 7629K, capacity 7825K, committed 7936K, reserved 1056768K
  class space    used 668K, capacity 754K, committed 768K, reserved 1048576K
}
Event: 5.992 GC heap before
{Heap before GC invocations=1 (full 0):
 garbage-first heap   total 65536K, used 9456K [0x00000000fc000000, 0x0000000100000000)
  region size 1024K, 6 young (6144K), 2 survivors (2048K)
 Metaspace       used 7961K, capacity 8177K, committed 8320K, reserved 1056768K
  class space    used 703K, capacity 786K, committed 896K, reserved 1048576K
}
Event: 6.008 GC heap after
{Heap after GC invocations=2 (full 0):
 garbage-first heap   total 65536K, used 8763K [0x00000000fc000000, 0x0000000100000000)
  region size 1024K, 1 young (1024K), 1 survivors (1024K)
 Metaspace       used 7961K, capacity 8177K, committed 8320K, reserved 1056768K
  class space    used 703K, capacity 786K, committed 896K, reserved 1048576K
}
Event: 8.342 GC heap before
{Heap before GC invocations=2 (full 0):
 garbage-first heap   total 65536K, used 17979K [0x00000000fc000000, 0x0000000100000000)
  region size 1024K, 10 young (10240K), 1 survivors (1024K)
 Metaspace       used 11098K, capacity 11382K, committed 11520K, reserved 1058816K
  class space    used 1147K, capacity 1240K, committed 1280K, reserved 1048576K
}
Event: 8.352 GC heap after
{Heap after GC invocations=3 (full 0):
 garbage-first heap   total 65536K, used 9698K [0x00000000fc000000, 0x0000000100000000)
  region size 1024K, 2 young (2048K), 2 survivors (2048K)
 Metaspace       used 11098K, capacity 11382K, committed 11520K, reserved 1058816K
  class space    used 1147K, capacity 1240K, committed 1280K, reserved 1048576K
}

