# JRE version: OpenJDK Runtime Environment Microsoft-7208460 (11.0.18+10) (build 11.0.18+10-LTS)
# Java VM: OpenJDK 64-Bit Server VM Microsoft-7208460 (11.0.18+10-LTS, mixed mode, tiered, compressed oops, g1 gc, windows-amd64)
Heap:
 garbage-first heap   total 481280K, used 358592K [0x0000000080000000, 0x0000000100000000)
  region size 1024K, 3 young (3072K), 3 survivors (3072K)
 Metaspace       used 126066K, capacity 131113K, committed 131408K, reserved 630784K
  class space    used 16396K, capacity 18336K, committed 18432K, reserved 516096K
GC Heap History (20 events):
Event: 243.729 GC heap after
{Heap after GC invocations=106 (full 0):
 garbage-first heap   total 404480K, used 361887K [0x0000000080000000, 0x0000000100000000)
  region size 1024K, 3 young (3072K), 3 survivors (3072K)
 Metaspace       used 122690K, capacity 127494K, committed 127824K, reserved 626688K
  class space    used 15960K, capacity 17816K, committed 17920K, reserved 516096K
}
Event: 247.634 GC heap before
{Heap before GC invocations=106 (full 0):
 garbage-first heap   total 404480K, used 378271K [0x0000000080000000, 0x0000000100000000)
  region size 1024K, 19 young (19456K), 3 survivors (3072K)
 Metaspace       used 124459K, capacity 129327K, committed 129616K, reserved 628736K
  class space    used 16199K, capacity 18060K, committed 18176K, reserved 516096K
}
Event: 247.647 GC heap after
{Heap after GC invocations=107 (full 0):
 garbage-first heap   total 404480K, used 363801K [0x0000000080000000, 0x0000000100000000)
  region size 1024K, 2 young (2048K), 2 survivors (2048K)
 Metaspace       used 124459K, capacity 129327K, committed 129616K, reserved 628736K
  class space    used 16199K, capacity 18060K, committed 18176K, reserved 516096K
}
Event: 248.475 GC heap before
{Heap before GC invocations=107 (full 0):
 garbage-first heap   total 404480K, used 365849K [0x0000000080000000, 0x0000000100000000)
  region size 1024K, 19 young (19456K), 2 survivors (2048K)
 Metaspace       used 125068K, capacity 130060K, committed 130256K, reserved 628736K
  class space    used 16288K, capacity 18194K, committed 18304K, reserved 516096K
}
Event: 248.483 GC heap after
{Heap after GC invocations=108 (full 0):
 garbage-first heap   total 404480K, used 350513K [0x0000000080000000, 0x0000000100000000)
  region size 1024K, 3 young (3072K), 3 survivors (3072K)
 Metaspace       used 125068K, capacity 130060K, committed 130256K, reserved 628736K
  class space    used 16288K, capacity 18194K, committed 18304K, reserved 516096K
}
Event: 248.721 GC heap before
{Heap before GC invocations=109 (full 0):
 garbage-first heap   total 404480K, used 366897K [0x0000000080000000, 0x0000000100000000)
  region size 1024K, 19 young (19456K), 3 survivors (3072K)
 Metaspace       used 125110K, capacity 130085K, committed 130256K, reserved 628736K
  class space    used 16297K, capacity 18202K, committed 18304K, reserved 516096K
}
Event: 248.731 GC heap after
{Heap after GC invocations=110 (full 0):
 garbage-first heap   total 404480K, used 352649K [0x0000000080000000, 0x0000000100000000)
  region size 1024K, 3 young (3072K), 3 survivors (3072K)
 Metaspace       used 125110K, capacity 130085K, committed 130256K, reserved 628736K
  class space    used 16297K, capacity 18202K, committed 18304K, reserved 516096K
}
Event: 249.324 GC heap before
{Heap before GC invocations=110 (full 0):
 garbage-first heap   total 404480K, used 368009K [0x0000000080000000, 0x0000000100000000)
  region size 1024K, 19 young (19456K), 3 survivors (3072K)
 Metaspace       used 125484K, capacity 130498K, committed 130768K, reserved 628736K
  class space    used 16341K, capacity 18272K, committed 18304K, reserved 516096K
}
Event: 249.358 GC heap after
{Heap after GC invocations=111 (full 0):
 garbage-first heap   total 404480K, used 347954K [0x0000000080000000, 0x0000000100000000)
  region size 1024K, 3 young (3072K), 3 survivors (3072K)
 Metaspace       used 125484K, capacity 130498K, committed 130768K, reserved 628736K
  class space    used 16341K, capacity 18272K, committed 18304K, reserved 516096K
}
Event: 249.540 GC heap before
{Heap before GC invocations=111 (full 0):
 garbage-first heap   total 404480K, used 364338K [0x0000000080000000, 0x0000000100000000)
  region size 1024K, 19 young (19456K), 3 survivors (3072K)
 Metaspace       used 125744K, capacity 130831K, committed 131152K, reserved 630784K
  class space    used 16368K, capacity 18314K, committed 18432K, reserved 516096K
}
Event: 249.588 GC heap after
{Heap after GC invocations=112 (full 0):
 garbage-first heap   total 404480K, used 343857K [0x0000000080000000, 0x0000000100000000)
  region size 1024K, 1 young (1024K), 1 survivors (1024K)
 Metaspace       used 125744K, capacity 130831K, committed 131152K, reserved 630784K
  class space    used 16368K, capacity 18314K, committed 18432K, reserved 516096K
}
Event: 249.996 GC heap before
{Heap before GC invocations=112 (full 0):
 garbage-first heap   total 404480K, used 364337K [0x0000000080000000, 0x0000000100000000)
  region size 1024K, 19 young (19456K), 1 survivors (1024K)
 Metaspace       used 125793K, capacity 130838K, committed 131152K, reserved 630784K
  class space    used 16368K, capacity 18314K, committed 18432K, reserved 516096K
}
Event: 250.015 GC heap after
{Heap after GC invocations=113 (full 0):
 garbage-first heap   total 404480K, used 346584K [0x0000000080000000, 0x0000000100000000)
  region size 1024K, 2 young (2048K), 2 survivors (2048K)
 Metaspace       used 125793K, capacity 130838K, committed 131152K, reserved 630784K
  class space    used 16368K, capacity 18314K, committed 18432K, reserved 516096K
}
Event: 250.470 GC heap before
{Heap before GC invocations=113 (full 0):
 garbage-first heap   total 404480K, used 368088K [0x0000000080000000, 0x0000000100000000)
  region size 1024K, 19 young (19456K), 2 survivors (2048K)
 Metaspace       used 125798K, capacity 130838K, committed 131152K, reserved 630784K
  class space    used 16368K, capacity 18314K, committed 18432K, reserved 516096K
}
Event: 250.487 GC heap after
{Heap after GC invocations=114 (full 0):
 garbage-first heap   total 404480K, used 351649K [0x0000000080000000, 0x0000000100000000)
  region size 1024K, 2 young (2048K), 2 survivors (2048K)
 Metaspace       used 125798K, capacity 130838K, committed 131152K, reserved 630784K
  class space    used 16368K, capacity 18314K, committed 18432K, reserved 516096K
}
Event: 251.275 GC heap before
{Heap before GC invocations=114 (full 0):
 garbage-first heap   total 404480K, used 360865K [0x0000000080000000, 0x0000000100000000)
  region size 1024K, 12 young (12288K), 2 survivors (2048K)
 Metaspace       used 125798K, capacity 130838K, committed 131152K, reserved 630784K
  class space    used 16368K, capacity 18314K, committed 18432K, reserved 516096K
}
Event: 251.349 GC heap after
{Heap after GC invocations=115 (full 0):
 garbage-first heap   total 404480K, used 353531K [0x0000000080000000, 0x0000000100000000)
  region size 1024K, 3 young (3072K), 3 survivors (3072K)
 Metaspace       used 125798K, capacity 130838K, committed 131152K, reserved 630784K
  class space    used 16368K, capacity 18314K, committed 18432K, reserved 516096K
}
Event: 254.002 GC heap before
{Heap before GC invocations=115 (full 0):
 garbage-first heap   total 404480K, used 369915K [0x0000000080000000, 0x0000000100000000)
  region size 1024K, 19 young (19456K), 3 survivors (3072K)
 Metaspace       used 125835K, capacity 130902K, committed 131152K, reserved 630784K
  class space    used 16371K, capacity 18314K, committed 18432K, reserved 516096K
}
Event: 254.061 GC heap after
{Heap after GC invocations=116 (full 0):
 garbage-first heap   total 404480K, used 355153K [0x0000000080000000, 0x0000000100000000)
  region size 1024K, 3 young (3072K), 3 survivors (3072K)
 Metaspace       used 125835K, capacity 130902K, committed 131152K, reserved 630784K
  class space    used 16371K, capacity 18314K, committed 18432K, reserved 516096K
}
Event: 258.048 GC heap before
{Heap before GC invocations=116 (full 0):
 garbage-first heap   total 404480K, used 373585K [0x0000000080000000, 0x0000000100000000)
  region size 1024K, 19 young (19456K), 3 survivors (3072K)
 Metaspace       used 126066K, capacity 131113K, committed 131408K, reserved 630784K
  class space    used 16396K, capacity 18336K, committed 18432K, reserved 516096K
}

