# JRE version: OpenJDK Runtime Environment Microsoft-7208460 (11.0.18+10) (build 11.0.18+10-LTS)
# Java VM: OpenJDK 64-Bit Server VM Microsoft-7208460 (11.0.18+10-LTS, mixed mode, tiered, compressed oops, g1 gc, windows-amd64)
Heap:
 garbage-first heap   total 239616K, used 111957K [0x0000000080000000, 0x0000000100000000)
  region size 1024K, 21 young (21504K), 4 survivors (4096K)
 Metaspace       used 91633K, capacity 94540K, committed 94800K, reserved 600064K
  class space    used 11565K, capacity 12770K, committed 12800K, reserved 516096K
GC Heap History (20 events):
Event: 931.881 GC heap before
{Heap before GC invocations=134 (full 0):
 garbage-first heap   total 199680K, used 169786K [0x0000000080000000, 0x0000000100000000)
  region size 1024K, 92 young (94208K), 5 survivors (5120K)
 Metaspace       used 88037K, capacity 90651K, committed 90960K, reserved 595968K
  class space    used 11129K, capacity 12212K, committed 12288K, reserved 516096K
}
Event: 931.888 GC heap after
{Heap after GC invocations=135 (full 0):
 garbage-first heap   total 199680K, used 81424K [0x0000000080000000, 0x0000000100000000)
  region size 1024K, 6 young (6144K), 6 survivors (6144K)
 Metaspace       used 88037K, capacity 90651K, committed 90960K, reserved 595968K
  class space    used 11129K, capacity 12212K, committed 12288K, reserved 516096K
}
Event: 933.552 GC heap before
{Heap before GC invocations=135 (full 0):
 garbage-first heap   total 199680K, used 170512K [0x0000000080000000, 0x0000000100000000)
  region size 1024K, 93 young (95232K), 6 survivors (6144K)
 Metaspace       used 88111K, capacity 90778K, committed 90960K, reserved 595968K
  class space    used 11137K, capacity 12250K, committed 12288K, reserved 516096K
}
Event: 933.555 GC heap after
{Heap after GC invocations=136 (full 0):
 garbage-first heap   total 199680K, used 75895K [0x0000000080000000, 0x0000000100000000)
  region size 1024K, 2 young (2048K), 2 survivors (2048K)
 Metaspace       used 88111K, capacity 90778K, committed 90960K, reserved 595968K
  class space    used 11137K, capacity 12250K, committed 12288K, reserved 516096K
}
Event: 933.996 GC heap before
{Heap before GC invocations=136 (full 0):
 garbage-first heap   total 199680K, used 169079K [0x0000000080000000, 0x0000000100000000)
  region size 1024K, 91 young (93184K), 2 survivors (2048K)
 Metaspace       used 88114K, capacity 90778K, committed 90960K, reserved 595968K
  class space    used 11138K, capacity 12250K, committed 12288K, reserved 516096K
}
Event: 933.999 GC heap after
{Heap after GC invocations=137 (full 0):
 garbage-first heap   total 199680K, used 78252K [0x0000000080000000, 0x0000000100000000)
  region size 1024K, 3 young (3072K), 3 survivors (3072K)
 Metaspace       used 88114K, capacity 90778K, committed 90960K, reserved 595968K
  class space    used 11138K, capacity 12250K, committed 12288K, reserved 516096K
}
Event: 934.430 GC heap before
{Heap before GC invocations=137 (full 0):
 garbage-first heap   total 199680K, used 169388K [0x0000000080000000, 0x0000000100000000)
  region size 1024K, 92 young (94208K), 3 survivors (3072K)
 Metaspace       used 88114K, capacity 90778K, committed 90960K, reserved 595968K
  class space    used 11138K, capacity 12250K, committed 12288K, reserved 516096K
}
Event: 934.445 GC heap after
{Heap after GC invocations=138 (full 0):
 garbage-first heap   total 199680K, used 79128K [0x0000000080000000, 0x0000000100000000)
  region size 1024K, 3 young (3072K), 3 survivors (3072K)
 Metaspace       used 88114K, capacity 90778K, committed 90960K, reserved 595968K
  class space    used 11138K, capacity 12250K, committed 12288K, reserved 516096K
}
Event: 935.816 GC heap before
{Heap before GC invocations=138 (full 0):
 garbage-first heap   total 199680K, used 171288K [0x0000000080000000, 0x0000000100000000)
  region size 1024K, 93 young (95232K), 3 survivors (3072K)
 Metaspace       used 88114K, capacity 90778K, committed 90960K, reserved 595968K
  class space    used 11138K, capacity 12250K, committed 12288K, reserved 516096K
}
Event: 935.831 GC heap after
{Heap after GC invocations=139 (full 0):
 garbage-first heap   total 199680K, used 80354K [0x0000000080000000, 0x0000000100000000)
  region size 1024K, 4 young (4096K), 4 survivors (4096K)
 Metaspace       used 88114K, capacity 90778K, committed 90960K, reserved 595968K
  class space    used 11138K, capacity 12250K, committed 12288K, reserved 516096K
}
Event: 936.971 GC heap before
{Heap before GC invocations=139 (full 0):
 garbage-first heap   total 199680K, used 171490K [0x0000000080000000, 0x0000000100000000)
  region size 1024K, 93 young (95232K), 4 survivors (4096K)
 Metaspace       used 88114K, capacity 90778K, committed 90960K, reserved 595968K
  class space    used 11138K, capacity 12250K, committed 12288K, reserved 516096K
}
Event: 936.990 GC heap after
{Heap after GC invocations=140 (full 0):
 garbage-first heap   total 199680K, used 81337K [0x0000000080000000, 0x0000000100000000)
  region size 1024K, 5 young (5120K), 5 survivors (5120K)
 Metaspace       used 88114K, capacity 90778K, committed 90960K, reserved 595968K
  class space    used 11138K, capacity 12250K, committed 12288K, reserved 516096K
}
Event: 939.180 GC heap before
{Heap before GC invocations=140 (full 0):
 garbage-first heap   total 199680K, used 175545K [0x0000000080000000, 0x0000000100000000)
  region size 1024K, 94 young (96256K), 5 survivors (5120K)
 Metaspace       used 88121K, capacity 90778K, committed 90960K, reserved 595968K
  class space    used 11138K, capacity 12250K, committed 12288K, reserved 516096K
}
Event: 939.189 GC heap after
{Heap after GC invocations=141 (full 0):
 garbage-first heap   total 199680K, used 80311K [0x0000000080000000, 0x0000000100000000)
  region size 1024K, 4 young (4096K), 4 survivors (4096K)
 Metaspace       used 88121K, capacity 90778K, committed 90960K, reserved 595968K
  class space    used 11138K, capacity 12250K, committed 12288K, reserved 516096K
}
Event: 944.053 GC heap before
{Heap before GC invocations=141 (full 0):
 garbage-first heap   total 199680K, used 176567K [0x0000000080000000, 0x0000000100000000)
  region size 1024K, 93 young (95232K), 4 survivors (4096K)
 Metaspace       used 88520K, capacity 91328K, committed 91600K, reserved 595968K
  class space    used 11190K, capacity 12343K, committed 12416K, reserved 516096K
}
Event: 944.085 GC heap after
{Heap after GC invocations=142 (full 0):
 garbage-first heap   total 199680K, used 92338K [0x0000000080000000, 0x0000000100000000)
  region size 1024K, 11 young (11264K), 11 survivors (11264K)
 Metaspace       used 88520K, capacity 91328K, committed 91600K, reserved 595968K
  class space    used 11190K, capacity 12343K, committed 12416K, reserved 516096K
}
Event: 945.220 GC heap before
{Heap before GC invocations=142 (full 0):
 garbage-first heap   total 199680K, used 167090K [0x0000000080000000, 0x0000000100000000)
  region size 1024K, 84 young (86016K), 11 survivors (11264K)
 Metaspace       used 88610K, capacity 91456K, committed 91600K, reserved 595968K
  class space    used 11190K, capacity 12343K, committed 12416K, reserved 516096K
}
Event: 945.263 GC heap after
{Heap after GC invocations=143 (full 0):
 garbage-first heap   total 239616K, used 93504K [0x0000000080000000, 0x0000000100000000)
  region size 1024K, 2 young (2048K), 2 survivors (2048K)
 Metaspace       used 88610K, capacity 91456K, committed 91600K, reserved 595968K
  class space    used 11190K, capacity 12343K, committed 12416K, reserved 516096K
}
Event: 947.668 GC heap before
{Heap before GC invocations=143 (full 0):
 garbage-first heap   total 239616K, used 192832K [0x0000000080000000, 0x0000000100000000)
  region size 1024K, 99 young (101376K), 2 survivors (2048K)
 Metaspace       used 89604K, capacity 92506K, committed 92752K, reserved 598016K
  class space    used 11307K, capacity 12478K, committed 12544K, reserved 516096K
}
Event: 947.677 GC heap after
{Heap after GC invocations=144 (full 0):
 garbage-first heap   total 239616K, used 95573K [0x0000000080000000, 0x0000000100000000)
  region size 1024K, 4 young (4096K), 4 survivors (4096K)
 Metaspace       used 89604K, capacity 92506K, committed 92752K, reserved 598016K
  class space    used 11307K, capacity 12478K, committed 12544K, reserved 516096K
}

