# JRE version: OpenJDK Runtime Environment Microsoft-7208460 (11.0.18+10) (build 11.0.18+10-LTS)
# Java VM: OpenJDK 64-Bit Server VM Microsoft-7208460 (11.0.18+10-LTS, mixed mode, tiered, compressed oops, g1 gc, windows-amd64)
Heap:
 garbage-first heap   total 619520K, used 229360K [0x0000000080000000, 0x0000000100000000)
  region size 1024K, 6 young (6144K), 6 survivors (6144K)
 Metaspace       used 147125K, capacity 152415K, committed 153168K, reserved 649216K
  class space    used 19031K, capacity 20998K, committed 21248K, reserved 516096K
GC Heap History (20 events):
Event: 3902.554 GC heap after
{Heap after GC invocations=189 (full 0):
 garbage-first heap   total 323584K, used 288671K [0x0000000080000000, 0x0000000100000000)
  region size 1024K, 2 young (2048K), 2 survivors (2048K)
 Metaspace       used 142655K, capacity 148167K, committed 148304K, reserved 645120K
  class space    used 18653K, capacity 20726K, committed 20736K, reserved 516096K
}
Event: 3905.569 GC heap before
{Heap before GC invocations=190 (full 0):
 garbage-first heap   total 323584K, used 298911K [0x0000000080000000, 0x0000000100000000)
  region size 1024K, 15 young (15360K), 2 survivors (2048K)
 Metaspace       used 140995K, capacity 144941K, committed 148304K, reserved 645120K
  class space    used 18255K, capacity 19718K, committed 20736K, reserved 516096K
}
Event: 3905.619 GC heap after
{Heap after GC invocations=191 (full 0):
 garbage-first heap   total 323584K, used 275395K [0x0000000080000000, 0x0000000100000000)
  region size 1024K, 2 young (2048K), 2 survivors (2048K)
 Metaspace       used 140995K, capacity 144941K, committed 148304K, reserved 645120K
  class space    used 18255K, capacity 19718K, committed 20736K, reserved 516096K
}
Event: 3906.775 GC heap before
{Heap before GC invocations=191 (full 0):
 garbage-first heap   total 323584K, used 288707K [0x0000000080000000, 0x0000000100000000)
  region size 1024K, 15 young (15360K), 2 survivors (2048K)
 Metaspace       used 141006K, capacity 144941K, committed 148304K, reserved 645120K
  class space    used 18255K, capacity 19718K, committed 20736K, reserved 516096K
}
Event: 3906.837 GC heap after
{Heap after GC invocations=192 (full 0):
 garbage-first heap   total 323584K, used 242793K [0x0000000080000000, 0x0000000100000000)
  region size 1024K, 1 young (1024K), 1 survivors (1024K)
 Metaspace       used 141006K, capacity 144941K, committed 148304K, reserved 645120K
  class space    used 18255K, capacity 19718K, committed 20736K, reserved 516096K
}
Event: 3908.589 GC heap before
{Heap before GC invocations=192 (full 0):
 garbage-first heap   total 323584K, used 257129K [0x0000000080000000, 0x0000000100000000)
  region size 1024K, 15 young (15360K), 1 survivors (1024K)
 Metaspace       used 141595K, capacity 145594K, committed 148304K, reserved 645120K
  class space    used 18324K, capacity 19787K, committed 20736K, reserved 516096K
}
Event: 3908.696 GC heap after
{Heap after GC invocations=193 (full 0):
 garbage-first heap   total 323584K, used 213744K [0x0000000080000000, 0x0000000100000000)
  region size 1024K, 1 young (1024K), 1 survivors (1024K)
 Metaspace       used 141595K, capacity 145594K, committed 148304K, reserved 645120K
  class space    used 18324K, capacity 19787K, committed 20736K, reserved 516096K
}
Event: 3910.704 GC heap before
{Heap before GC invocations=193 (full 0):
 garbage-first heap   total 323584K, used 227056K [0x0000000080000000, 0x0000000100000000)
  region size 1024K, 15 young (15360K), 1 survivors (1024K)
 Metaspace       used 143443K, capacity 147576K, committed 149328K, reserved 645120K
  class space    used 18518K, capacity 20060K, committed 20736K, reserved 516096K
}
Event: 3910.842 GC heap after
{Heap after GC invocations=194 (full 0):
 garbage-first heap   total 323584K, used 198073K [0x0000000080000000, 0x0000000100000000)
  region size 1024K, 2 young (2048K), 2 survivors (2048K)
 Metaspace       used 143443K, capacity 147576K, committed 149328K, reserved 645120K
  class space    used 18518K, capacity 20060K, committed 20736K, reserved 516096K
}
Event: 3911.284 GC heap before
{Heap before GC invocations=194 (full 0):
 garbage-first heap   total 323584K, used 211385K [0x0000000080000000, 0x0000000100000000)
  region size 1024K, 15 young (15360K), 2 survivors (2048K)
 Metaspace       used 143458K, capacity 147576K, committed 149328K, reserved 645120K
  class space    used 18518K, capacity 20060K, committed 20736K, reserved 516096K
}
Event: 3911.452 GC heap after
{Heap after GC invocations=195 (full 0):
 garbage-first heap   total 463872K, used 184702K [0x0000000080000000, 0x0000000100000000)
  region size 1024K, 1 young (1024K), 1 survivors (1024K)
 Metaspace       used 143458K, capacity 147576K, committed 149328K, reserved 645120K
  class space    used 18518K, capacity 20060K, committed 20736K, reserved 516096K
}
Event: 3913.677 GC heap before
{Heap before GC invocations=195 (full 0):
 garbage-first heap   total 463872K, used 206206K [0x0000000080000000, 0x0000000100000000)
  region size 1024K, 22 young (22528K), 1 survivors (1024K)
 Metaspace       used 143848K, capacity 148205K, committed 149840K, reserved 647168K
  class space    used 18572K, capacity 20159K, committed 20736K, reserved 516096K
}
Event: 3913.792 GC heap after
{Heap after GC invocations=196 (full 0):
 garbage-first heap   total 463872K, used 182149K [0x0000000080000000, 0x0000000100000000)
  region size 1024K, 3 young (3072K), 3 survivors (3072K)
 Metaspace       used 143848K, capacity 148205K, committed 149840K, reserved 647168K
  class space    used 18572K, capacity 20159K, committed 20736K, reserved 516096K
}
Event: 3915.710 GC heap before
{Heap before GC invocations=196 (full 0):
 garbage-first heap   total 463872K, used 212869K [0x0000000080000000, 0x0000000100000000)
  region size 1024K, 33 young (33792K), 3 survivors (3072K)
 Metaspace       used 144052K, capacity 148625K, committed 150096K, reserved 647168K
  class space    used 18606K, capacity 20276K, committed 20736K, reserved 516096K
}
Event: 3915.731 GC heap after
{Heap after GC invocations=197 (full 0):
 garbage-first heap   total 463872K, used 189436K [0x0000000080000000, 0x0000000100000000)
  region size 1024K, 5 young (5120K), 5 survivors (5120K)
 Metaspace       used 144052K, capacity 148625K, committed 150096K, reserved 647168K
  class space    used 18606K, capacity 20276K, committed 20736K, reserved 516096K
}
Event: 3918.630 GC heap before
{Heap before GC invocations=197 (full 0):
 garbage-first heap   total 463872K, used 232444K [0x0000000080000000, 0x0000000100000000)
  region size 1024K, 41 young (41984K), 5 survivors (5120K)
 Metaspace       used 145870K, capacity 150492K, committed 151760K, reserved 647168K
  class space    used 18842K, capacity 20529K, committed 20864K, reserved 516096K
}
Event: 3918.703 GC heap after
{Heap after GC invocations=198 (full 0):
 garbage-first heap   total 463872K, used 203776K [0x0000000080000000, 0x0000000100000000)
  region size 1024K, 6 young (6144K), 6 survivors (6144K)
 Metaspace       used 145870K, capacity 150492K, committed 151760K, reserved 647168K
  class space    used 18842K, capacity 20529K, committed 20864K, reserved 516096K
}
Event: 3923.712 GC heap before
{Heap before GC invocations=198 (full 0):
 garbage-first heap   total 463872K, used 247808K [0x0000000080000000, 0x0000000100000000)
  region size 1024K, 45 young (46080K), 6 survivors (6144K)
 Metaspace       used 146747K, capacity 151821K, committed 152784K, reserved 649216K
  class space    used 18974K, capacity 20827K, committed 21120K, reserved 516096K
}
Event: 3923.865 GC heap after
{Heap after GC invocations=199 (full 0):
 garbage-first heap   total 463872K, used 217994K [0x0000000080000000, 0x0000000100000000)
  region size 1024K, 6 young (6144K), 6 survivors (6144K)
 Metaspace       used 146747K, capacity 151821K, committed 152784K, reserved 649216K
  class space    used 18974K, capacity 20827K, committed 21120K, reserved 516096K
}
Event: 3928.641 GC heap before
{Heap before GC invocations=199 (full 0):
 garbage-first heap   total 463872K, used 256906K [0x0000000080000000, 0x0000000100000000)
  region size 1024K, 44 young (45056K), 6 survivors (6144K)
 Metaspace       used 147125K, capacity 152415K, committed 153168K, reserved 649216K
  class space    used 19031K, capacity 20998K, committed 21248K, reserved 516096K
}

