# JRE version: OpenJDK Runtime Environment Microsoft-7208460 (11.0.18+10) (build 11.0.18+10-LTS)
# Java VM: OpenJDK 64-Bit Server VM Microsoft-7208460 (11.0.18+10-LTS, mixed mode, tiered, compressed oops, g1 gc, windows-amd64)
Heap:
 garbage-first heap   total 592896K, used 246784K [0x0000000080000000, 0x0000000100000000)
  region size 1024K, 5 young (5120K), 5 survivors (5120K)
 Metaspace       used 141379K, capacity 147171K, committed 147408K, reserved 645120K
  class space    used 17720K, capacity 19831K, committed 19840K, reserved 516096K
GC Heap History (20 events):
Event: 1158.508 GC heap after
{Heap after GC invocations=174 (full 0):
 garbage-first heap   total 359424K, used 309009K [0x0000000080000000, 0x0000000100000000)
  region size 1024K, 3 young (3072K), 3 survivors (3072K)
 Metaspace       used 140866K, capacity 146562K, committed 146640K, reserved 643072K
  class space    used 17712K, capacity 19818K, committed 19840K, reserved 516096K
}
Event: 1159.932 GC heap before
{Heap before GC invocations=174 (full 0):
 garbage-first heap   total 359424K, used 322321K [0x0000000080000000, 0x0000000100000000)
  region size 1024K, 17 young (17408K), 3 survivors (3072K)
 Metaspace       used 140894K, capacity 146571K, committed 146640K, reserved 643072K
  class space    used 17713K, capacity 19820K, committed 19840K, reserved 516096K
}
Event: 1159.965 GC heap after
{Heap after GC invocations=175 (full 0):
 garbage-first heap   total 359424K, used 310924K [0x0000000080000000, 0x0000000100000000)
  region size 1024K, 2 young (2048K), 2 survivors (2048K)
 Metaspace       used 140894K, capacity 146571K, committed 146640K, reserved 643072K
  class space    used 17713K, capacity 19820K, committed 19840K, reserved 516096K
}
Event: 1161.816 GC heap before
{Heap before GC invocations=175 (full 0):
 garbage-first heap   total 359424K, used 326284K [0x0000000080000000, 0x0000000100000000)
  region size 1024K, 17 young (17408K), 2 survivors (2048K)
 Metaspace       used 140950K, capacity 146708K, committed 146896K, reserved 645120K
  class space    used 17714K, capacity 19822K, committed 19840K, reserved 516096K
}
Event: 1161.889 GC heap after
{Heap after GC invocations=176 (full 0):
 garbage-first heap   total 359424K, used 315392K [0x0000000080000000, 0x0000000100000000)
  region size 1024K, 3 young (3072K), 3 survivors (3072K)
 Metaspace       used 140950K, capacity 146708K, committed 146896K, reserved 645120K
  class space    used 17714K, capacity 19822K, committed 19840K, reserved 516096K
}
Event: 1165.512 GC heap before
{Heap before GC invocations=176 (full 0):
 garbage-first heap   total 359424K, used 318464K [0x0000000080000000, 0x0000000100000000)
  region size 1024K, 17 young (17408K), 3 survivors (3072K)
 Metaspace       used 141010K, capacity 146722K, committed 146896K, reserved 645120K
  class space    used 17715K, capacity 19823K, committed 19840K, reserved 516096K
}
Event: 1165.547 GC heap after
{Heap after GC invocations=177 (full 0):
 garbage-first heap   total 359424K, used 308844K [0x0000000080000000, 0x0000000100000000)
  region size 1024K, 3 young (3072K), 3 survivors (3072K)
 Metaspace       used 141010K, capacity 146722K, committed 146896K, reserved 645120K
  class space    used 17715K, capacity 19823K, committed 19840K, reserved 516096K
}
Event: 1166.408 GC heap before
{Heap before GC invocations=178 (full 0):
 garbage-first heap   total 359424K, used 323180K [0x0000000080000000, 0x0000000100000000)
  region size 1024K, 17 young (17408K), 3 survivors (3072K)
 Metaspace       used 141060K, capacity 146794K, committed 146896K, reserved 645120K
  class space    used 17716K, capacity 19824K, committed 19840K, reserved 516096K
}
Event: 1166.440 GC heap after
{Heap after GC invocations=179 (full 0):
 garbage-first heap   total 359424K, used 314178K [0x0000000080000000, 0x0000000100000000)
  region size 1024K, 3 young (3072K), 3 survivors (3072K)
 Metaspace       used 141060K, capacity 146794K, committed 146896K, reserved 645120K
  class space    used 17716K, capacity 19824K, committed 19840K, reserved 516096K
}
Event: 1167.239 GC heap before
{Heap before GC invocations=179 (full 0):
 garbage-first heap   total 359424K, used 328514K [0x0000000080000000, 0x0000000100000000)
  region size 1024K, 17 young (17408K), 3 survivors (3072K)
 Metaspace       used 141167K, capacity 146991K, committed 147152K, reserved 645120K
  class space    used 17716K, capacity 19824K, committed 19840K, reserved 516096K
}
Event: 1167.389 GC heap after
{Heap after GC invocations=180 (full 0):
 garbage-first heap   total 359424K, used 280632K [0x0000000080000000, 0x0000000100000000)
  region size 1024K, 3 young (3072K), 3 survivors (3072K)
 Metaspace       used 141167K, capacity 146991K, committed 147152K, reserved 645120K
  class space    used 17716K, capacity 19824K, committed 19840K, reserved 516096K
}
Event: 1169.257 GC heap before
{Heap before GC invocations=180 (full 0):
 garbage-first heap   total 359424K, used 294968K [0x0000000080000000, 0x0000000100000000)
  region size 1024K, 17 young (17408K), 3 survivors (3072K)
 Metaspace       used 141225K, capacity 146997K, committed 147152K, reserved 645120K
  class space    used 17716K, capacity 19825K, committed 19840K, reserved 516096K
}
Event: 1169.362 GC heap after
{Heap after GC invocations=181 (full 0):
 garbage-first heap   total 359424K, used 263351K [0x0000000080000000, 0x0000000100000000)
  region size 1024K, 3 young (3072K), 3 survivors (3072K)
 Metaspace       used 141225K, capacity 146997K, committed 147152K, reserved 645120K
  class space    used 17716K, capacity 19825K, committed 19840K, reserved 516096K
}
Event: 1171.128 GC heap before
{Heap before GC invocations=181 (full 0):
 garbage-first heap   total 359424K, used 277687K [0x0000000080000000, 0x0000000100000000)
  region size 1024K, 17 young (17408K), 3 survivors (3072K)
 Metaspace       used 141241K, capacity 147065K, committed 147152K, reserved 645120K
  class space    used 17717K, capacity 19825K, committed 19840K, reserved 516096K
}
Event: 1171.282 GC heap after
{Heap after GC invocations=182 (full 0):
 garbage-first heap   total 359424K, used 250877K [0x0000000080000000, 0x0000000100000000)
  region size 1024K, 3 young (3072K), 3 survivors (3072K)
 Metaspace       used 141241K, capacity 147065K, committed 147152K, reserved 645120K
  class space    used 17717K, capacity 19825K, committed 19840K, reserved 516096K
}
Event: 1172.667 GC heap before
{Heap before GC invocations=182 (full 0):
 garbage-first heap   total 359424K, used 265213K [0x0000000080000000, 0x0000000100000000)
  region size 1024K, 17 young (17408K), 3 survivors (3072K)
 Metaspace       used 141264K, capacity 147066K, committed 147152K, reserved 645120K
  class space    used 17717K, capacity 19825K, committed 19840K, reserved 516096K
}
Event: 1172.892 GC heap after
{Heap after GC invocations=183 (full 0):
 garbage-first heap   total 359424K, used 242401K [0x0000000080000000, 0x0000000100000000)
  region size 1024K, 3 young (3072K), 3 survivors (3072K)
 Metaspace       used 141264K, capacity 147066K, committed 147152K, reserved 645120K
  class space    used 17717K, capacity 19825K, committed 19840K, reserved 516096K
}
Event: 1174.085 GC heap before
{Heap before GC invocations=183 (full 0):
 garbage-first heap   total 359424K, used 256737K [0x0000000080000000, 0x0000000100000000)
  region size 1024K, 17 young (17408K), 3 survivors (3072K)
 Metaspace       used 141288K, capacity 147069K, committed 147152K, reserved 645120K
  class space    used 17717K, capacity 19825K, committed 19840K, reserved 516096K
}
Event: 1174.211 GC heap after
{Heap after GC invocations=184 (full 0):
 garbage-first heap   total 359424K, used 241075K [0x0000000080000000, 0x0000000100000000)
  region size 1024K, 3 young (3072K), 3 survivors (3072K)
 Metaspace       used 141288K, capacity 147069K, committed 147152K, reserved 645120K
  class space    used 17717K, capacity 19825K, committed 19840K, reserved 516096K
}
Event: 1176.401 GC heap before
{Heap before GC invocations=184 (full 0):
 garbage-first heap   total 359424K, used 274867K [0x0000000080000000, 0x0000000100000000)
  region size 1024K, 36 young (36864K), 3 survivors (3072K)
 Metaspace       used 141379K, capacity 147171K, committed 147408K, reserved 645120K
  class space    used 17720K, capacity 19831K, committed 19840K, reserved 516096K
}

