# JRE version: OpenJDK Runtime Environment Microsoft-7208460 (11.0.18+10) (build 11.0.18+10-LTS)
# Java VM: OpenJDK 64-Bit Server VM Microsoft-7208460 (11.0.18+10-LTS, mixed mode, tiered, compressed oops, g1 gc, windows-amd64)
Heap:
 garbage-first heap   total 65536K, used 25501K [0x00000000fc000000, 0x0000000100000000)
  region size 1024K, 17 young (17408K), 1 survivors (1024K)
 Metaspace       used 16152K, capacity 16529K, committed 16896K, reserved 1064960K
  class space    used 1815K, capacity 1936K, committed 2048K, reserved 1048576K
GC Heap History (6 events):
Event: 4.829 GC heap before
{Heap before GC invocations=0 (full 0):
 garbage-first heap   total 65536K, used 16384K [0x00000000fc000000, 0x0000000100000000)
  region size 1024K, 14 young (14336K), 0 survivors (0K)
 Metaspace       used 7629K, capacity 7825K, committed 7936K, reserved 1056768K
  class space    used 668K, capacity 754K, committed 768K, reserved 1048576K
}
Event: 4.864 GC heap after
{Heap after GC invocations=1 (full 0):
 garbage-first heap   total 65536K, used 3316K [0x00000000fc000000, 0x0000000100000000)
  region size 1024K, 2 young (2048K), 2 survivors (2048K)
 Metaspace       used 7629K, capacity 7825K, committed 7936K, reserved 1056768K
  class space    used 668K, capacity 754K, committed 768K, reserved 1048576K
}
Event: 7.304 GC heap before
{Heap before GC invocations=1 (full 0):
 garbage-first heap   total 65536K, used 14580K [0x00000000fc000000, 0x0000000100000000)
  region size 1024K, 11 young (11264K), 2 survivors (2048K)
 Metaspace       used 9812K, capacity 9998K, committed 10368K, reserved 1058816K
  class space    used 970K, capacity 1033K, committed 1152K, reserved 1048576K
}
Event: 7.322 GC heap after
{Heap after GC invocations=2 (full 0):
 garbage-first heap   total 65536K, used 9415K [0x00000000fc000000, 0x0000000100000000)
  region size 1024K, 2 young (2048K), 2 survivors (2048K)
 Metaspace       used 9812K, capacity 9998K, committed 10368K, reserved 1058816K
  class space    used 970K, capacity 1033K, committed 1152K, reserved 1048576K
}
Event: 8.352 GC heap before
{Heap before GC invocations=2 (full 0):
 garbage-first heap   total 65536K, used 20679K [0x00000000fc000000, 0x0000000100000000)
  region size 1024K, 13 young (13312K), 2 survivors (2048K)
 Metaspace       used 12543K, capacity 12828K, committed 13056K, reserved 1060864K
  class space    used 1361K, capacity 1446K, committed 1536K, reserved 1048576K
}
Event: 8.356 GC heap after
{Heap after GC invocations=3 (full 0):
 garbage-first heap   total 65536K, used 10141K [0x00000000fc000000, 0x0000000100000000)
  region size 1024K, 1 young (1024K), 1 survivors (1024K)
 Metaspace       used 12543K, capacity 12828K, committed 13056K, reserved 1060864K
  class space    used 1361K, capacity 1446K, committed 1536K, reserved 1048576K
}

