# JRE version: OpenJDK Runtime Environment Microsoft-7208460 (11.0.18+10) (build 11.0.18+10-LTS)
# Java VM: OpenJDK 64-Bit Server VM Microsoft-7208460 (11.0.18+10-LTS, mixed mode, tiered, compressed oops, g1 gc, windows-amd64)
Heap:
 garbage-first heap   total 429056K, used 306176K [0x0000000080000000, 0x0000000100000000)
  region size 1024K, 34 young (34816K), 4 survivors (4096K)
 Metaspace       used 153301K, capacity 159560K, committed 159824K, reserved 655360K
  class space    used 18643K, capacity 20932K, committed 20992K, reserved 516096K
GC Heap History (20 events):
Event: 1550.711 GC heap before
{Heap before GC invocations=242 (full 0):
 garbage-first heap   total 429056K, used 340338K [0x0000000080000000, 0x0000000100000000)
  region size 1024K, 83 young (84992K), 2 survivors (2048K)
 Metaspace       used 152572K, capacity 158699K, committed 158800K, reserved 655360K
  class space    used 18625K, capacity 20901K, committed 20992K, reserved 516096K
}
Event: 1550.725 GC heap after
{Heap after GC invocations=243 (full 0):
 garbage-first heap   total 429056K, used 258965K [0x0000000080000000, 0x0000000100000000)
  region size 1024K, 2 young (2048K), 2 survivors (2048K)
 Metaspace       used 152572K, capacity 158699K, committed 158800K, reserved 655360K
  class space    used 18625K, capacity 20901K, committed 20992K, reserved 516096K
}
Event: 1564.556 GC heap before
{Heap before GC invocations=244 (full 0):
 garbage-first heap   total 429056K, used 348053K [0x0000000080000000, 0x0000000100000000)
  region size 1024K, 90 young (92160K), 2 survivors (2048K)
 Metaspace       used 152733K, capacity 158909K, committed 159056K, reserved 655360K
  class space    used 18634K, capacity 20916K, committed 20992K, reserved 516096K
}
Event: 1564.591 GC heap after
{Heap after GC invocations=245 (full 0):
 garbage-first heap   total 429056K, used 259969K [0x0000000080000000, 0x0000000100000000)
  region size 1024K, 3 young (3072K), 3 survivors (3072K)
 Metaspace       used 152733K, capacity 158909K, committed 159056K, reserved 655360K
  class space    used 18634K, capacity 20916K, committed 20992K, reserved 516096K
}
Event: 1568.052 GC heap before
{Heap before GC invocations=245 (full 0):
 garbage-first heap   total 429056K, used 276353K [0x0000000080000000, 0x0000000100000000)
  region size 1024K, 20 young (20480K), 3 survivors (3072K)
 Metaspace       used 152744K, capacity 158909K, committed 159056K, reserved 655360K
  class space    used 18634K, capacity 20916K, committed 20992K, reserved 516096K
}
Event: 1568.134 GC heap after
{Heap after GC invocations=246 (full 0):
 garbage-first heap   total 429056K, used 251819K [0x0000000080000000, 0x0000000100000000)
  region size 1024K, 2 young (2048K), 2 survivors (2048K)
 Metaspace       used 152744K, capacity 158909K, committed 159056K, reserved 655360K
  class space    used 18634K, capacity 20916K, committed 20992K, reserved 516096K
}
Event: 1572.564 GC heap before
{Heap before GC invocations=246 (full 0):
 garbage-first heap   total 429056K, used 304043K [0x0000000080000000, 0x0000000100000000)
  region size 1024K, 54 young (55296K), 2 survivors (2048K)
 Metaspace       used 152777K, capacity 158989K, committed 159312K, reserved 655360K
  class space    used 18637K, capacity 20921K, committed 20992K, reserved 516096K
}
Event: 1572.601 GC heap after
{Heap after GC invocations=247 (full 0):
 garbage-first heap   total 429056K, used 253285K [0x0000000080000000, 0x0000000100000000)
  region size 1024K, 3 young (3072K), 3 survivors (3072K)
 Metaspace       used 152777K, capacity 158989K, committed 159312K, reserved 655360K
  class space    used 18637K, capacity 20921K, committed 20992K, reserved 516096K
}
Event: 1586.966 GC heap before
{Heap before GC invocations=248 (full 0):
 garbage-first heap   total 429056K, used 360805K [0x0000000080000000, 0x0000000100000000)
  region size 1024K, 103 young (105472K), 3 survivors (3072K)
 Metaspace       used 152918K, capacity 159197K, committed 159312K, reserved 655360K
  class space    used 18638K, capacity 20923K, committed 20992K, reserved 516096K
}
Event: 1587.026 GC heap after
{Heap after GC invocations=249 (full 0):
 garbage-first heap   total 429056K, used 265506K [0x0000000080000000, 0x0000000100000000)
  region size 1024K, 9 young (9216K), 9 survivors (9216K)
 Metaspace       used 152918K, capacity 159197K, committed 159312K, reserved 655360K
  class space    used 18638K, capacity 20923K, committed 20992K, reserved 516096K
}
Event: 1589.831 GC heap before
{Heap before GC invocations=249 (full 0):
 garbage-first heap   total 429056K, used 275746K [0x0000000080000000, 0x0000000100000000)
  region size 1024K, 20 young (20480K), 9 survivors (9216K)
 Metaspace       used 152918K, capacity 159197K, committed 159312K, reserved 655360K
  class space    used 18638K, capacity 20923K, committed 20992K, reserved 516096K
}
Event: 1589.916 GC heap after
{Heap after GC invocations=250 (full 0):
 garbage-first heap   total 429056K, used 256204K [0x0000000080000000, 0x0000000100000000)
  region size 1024K, 3 young (3072K), 3 survivors (3072K)
 Metaspace       used 152918K, capacity 159197K, committed 159312K, reserved 655360K
  class space    used 18638K, capacity 20923K, committed 20992K, reserved 516096K
}
Event: 1595.588 GC heap before
{Heap before GC invocations=250 (full 0):
 garbage-first heap   total 429056K, used 355532K [0x0000000080000000, 0x0000000100000000)
  region size 1024K, 101 young (103424K), 3 survivors (3072K)
 Metaspace       used 153078K, capacity 159394K, committed 159568K, reserved 655360K
  class space    used 18638K, capacity 20923K, committed 20992K, reserved 516096K
}
Event: 1595.711 GC heap after
{Heap after GC invocations=251 (full 0):
 garbage-first heap   total 429056K, used 271116K [0x0000000080000000, 0x0000000100000000)
  region size 1024K, 13 young (13312K), 13 survivors (13312K)
 Metaspace       used 153078K, capacity 159394K, committed 159568K, reserved 655360K
  class space    used 18638K, capacity 20923K, committed 20992K, reserved 516096K
}
Event: 1606.843 GC heap before
{Heap before GC invocations=252 (full 0):
 garbage-first heap   total 429056K, used 358156K [0x0000000080000000, 0x0000000100000000)
  region size 1024K, 97 young (99328K), 13 survivors (13312K)
 Metaspace       used 153214K, capacity 159471K, committed 159568K, reserved 655360K
  class space    used 18639K, capacity 20925K, committed 20992K, reserved 516096K
}
Event: 1606.912 GC heap after
{Heap after GC invocations=253 (full 0):
 garbage-first heap   total 429056K, used 274432K [0x0000000080000000, 0x0000000100000000)
  region size 1024K, 2 young (2048K), 2 survivors (2048K)
 Metaspace       used 153214K, capacity 159471K, committed 159568K, reserved 655360K
  class space    used 18639K, capacity 20925K, committed 20992K, reserved 516096K
}
Event: 1608.967 GC heap before
{Heap before GC invocations=253 (full 0):
 garbage-first heap   total 429056K, used 293888K [0x0000000080000000, 0x0000000100000000)
  region size 1024K, 20 young (20480K), 2 survivors (2048K)
 Metaspace       used 153239K, capacity 159486K, committed 159568K, reserved 655360K
  class space    used 18641K, capacity 20929K, committed 20992K, reserved 516096K
}
Event: 1608.996 GC heap after
{Heap after GC invocations=254 (full 0):
 garbage-first heap   total 429056K, used 273408K [0x0000000080000000, 0x0000000100000000)
  region size 1024K, 3 young (3072K), 3 survivors (3072K)
 Metaspace       used 153239K, capacity 159486K, committed 159568K, reserved 655360K
  class space    used 18641K, capacity 20929K, committed 20992K, reserved 516096K
}
Event: 1616.424 GC heap before
{Heap before GC invocations=254 (full 0):
 garbage-first heap   total 429056K, used 316416K [0x0000000080000000, 0x0000000100000000)
  region size 1024K, 47 young (48128K), 3 survivors (3072K)
 Metaspace       used 153285K, capacity 159560K, committed 159824K, reserved 655360K
  class space    used 18643K, capacity 20932K, committed 20992K, reserved 516096K
}
Event: 1616.454 GC heap after
{Heap after GC invocations=255 (full 0):
 garbage-first heap   total 429056K, used 274432K [0x0000000080000000, 0x0000000100000000)
  region size 1024K, 4 young (4096K), 4 survivors (4096K)
 Metaspace       used 153285K, capacity 159560K, committed 159824K, reserved 655360K
  class space    used 18643K, capacity 20932K, committed 20992K, reserved 516096K
}

