# JRE version: OpenJDK Runtime Environment Microsoft-7208460 (11.0.18+10) (build 11.0.18+10-LTS)
# Java VM: OpenJDK 64-Bit Server VM Microsoft-7208460 (11.0.18+10-LTS, mixed mode, tiered, compressed oops, g1 gc, windows-amd64)
Heap:
 garbage-first heap   total 165888K, used 89050K [0x0000000080000000, 0x0000000100000000)
  region size 1024K, 7 young (7168K), 4 survivors (4096K)
 Metaspace       used 84132K, capacity 86683K, committed 86736K, reserved 591872K
  class space    used 10877K, capacity 11900K, committed 11904K, reserved 516096K
GC Heap History (20 events):
Event: 104.979 GC heap before
{Heap before GC invocations=59 (full 0):
 garbage-first heap   total 114688K, used 64971K [0x0000000080000000, 0x0000000100000000)
  region size 1024K, 7 young (7168K), 2 survivors (2048K)
 Metaspace       used 70889K, capacity 73036K, committed 73168K, reserved 579584K
  class space    used 9240K, capacity 10103K, committed 10112K, reserved 516096K
}
Event: 104.986 GC heap after
{Heap after GC invocations=60 (full 0):
 garbage-first heap   total 114688K, used 64858K [0x0000000080000000, 0x0000000100000000)
  region size 1024K, 4 young (4096K), 4 survivors (4096K)
 Metaspace       used 70889K, capacity 73036K, committed 73168K, reserved 579584K
  class space    used 9240K, capacity 10103K, committed 10112K, reserved 516096K
}
Event: 106.608 GC heap before
{Heap before GC invocations=61 (full 0):
 garbage-first heap   total 114688K, used 90458K [0x0000000080000000, 0x0000000100000000)
  region size 1024K, 23 young (23552K), 4 survivors (4096K)
 Metaspace       used 71888K, capacity 74205K, committed 74448K, reserved 581632K
  class space    used 9366K, capacity 10356K, committed 10368K, reserved 516096K
}
Event: 106.627 GC heap after
{Heap after GC invocations=62 (full 0):
 garbage-first heap   total 114688K, used 74242K [0x0000000080000000, 0x0000000100000000)
  region size 1024K, 3 young (3072K), 3 survivors (3072K)
 Metaspace       used 71888K, capacity 74205K, committed 74448K, reserved 581632K
  class space    used 9366K, capacity 10356K, committed 10368K, reserved 516096K
}
Event: 107.931 GC heap before
{Heap before GC invocations=62 (full 0):
 garbage-first heap   total 114688K, used 89602K [0x0000000080000000, 0x0000000100000000)
  region size 1024K, 18 young (18432K), 3 survivors (3072K)
 Metaspace       used 73654K, capacity 75954K, committed 76240K, reserved 583680K
  class space    used 9602K, capacity 10553K, committed 10624K, reserved 516096K
}
Event: 107.951 GC heap after
{Heap after GC invocations=63 (full 0):
 garbage-first heap   total 114688K, used 74818K [0x0000000080000000, 0x0000000100000000)
  region size 1024K, 1 young (1024K), 1 survivors (1024K)
 Metaspace       used 73654K, capacity 75954K, committed 76240K, reserved 583680K
  class space    used 9602K, capacity 10553K, committed 10624K, reserved 516096K
}
Event: 110.122 GC heap before
{Heap before GC invocations=64 (full 0):
 garbage-first heap   total 114688K, used 90178K [0x0000000080000000, 0x0000000100000000)
  region size 1024K, 17 young (17408K), 1 survivors (1024K)
 Metaspace       used 75835K, capacity 78152K, committed 78288K, reserved 583680K
  class space    used 9844K, capacity 10813K, committed 10880K, reserved 516096K
}
Event: 110.137 GC heap after
{Heap after GC invocations=65 (full 0):
 garbage-first heap   total 138240K, used 75484K [0x0000000080000000, 0x0000000100000000)
  region size 1024K, 2 young (2048K), 2 survivors (2048K)
 Metaspace       used 75835K, capacity 78152K, committed 78288K, reserved 583680K
  class space    used 9844K, capacity 10813K, committed 10880K, reserved 516096K
}
Event: 112.634 GC heap before
{Heap before GC invocations=65 (full 0):
 garbage-first heap   total 138240K, used 95964K [0x0000000080000000, 0x0000000100000000)
  region size 1024K, 23 young (23552K), 2 survivors (2048K)
 Metaspace       used 79236K, capacity 81599K, committed 81744K, reserved 587776K
  class space    used 10211K, capacity 11171K, committed 11264K, reserved 516096K
}
Event: 112.654 GC heap after
{Heap after GC invocations=66 (full 0):
 garbage-first heap   total 138240K, used 77338K [0x0000000080000000, 0x0000000100000000)
  region size 1024K, 4 young (4096K), 4 survivors (4096K)
 Metaspace       used 79236K, capacity 81599K, committed 81744K, reserved 587776K
  class space    used 10211K, capacity 11171K, committed 11264K, reserved 516096K
}
Event: 114.789 GC heap before
{Heap before GC invocations=67 (full 0):
 garbage-first heap   total 138240K, used 109082K [0x0000000080000000, 0x0000000100000000)
  region size 1024K, 28 young (28672K), 4 survivors (4096K)
 Metaspace       used 80482K, capacity 82749K, committed 82896K, reserved 587776K
  class space    used 10383K, capacity 11336K, committed 11392K, reserved 516096K
}
Event: 114.817 GC heap after
{Heap after GC invocations=68 (full 0):
 garbage-first heap   total 138240K, used 79418K [0x0000000080000000, 0x0000000100000000)
  region size 1024K, 4 young (4096K), 4 survivors (4096K)
 Metaspace       used 80482K, capacity 82749K, committed 82896K, reserved 587776K
  class space    used 10383K, capacity 11336K, committed 11392K, reserved 516096K
}
Event: 116.623 GC heap before
{Heap before GC invocations=68 (full 0):
 garbage-first heap   total 138240K, used 105018K [0x0000000080000000, 0x0000000100000000)
  region size 1024K, 29 young (29696K), 4 survivors (4096K)
 Metaspace       used 82522K, capacity 84758K, committed 84944K, reserved 589824K
  class space    used 10650K, capacity 11599K, committed 11648K, reserved 516096K
}
Event: 116.657 GC heap after
{Heap after GC invocations=69 (full 0):
 garbage-first heap   total 138240K, used 81382K [0x0000000080000000, 0x0000000100000000)
  region size 1024K, 2 young (2048K), 2 survivors (2048K)
 Metaspace       used 82522K, capacity 84758K, committed 84944K, reserved 589824K
  class space    used 10650K, capacity 11599K, committed 11648K, reserved 516096K
}
Event: 119.118 GC heap before
{Heap before GC invocations=70 (full 0):
 garbage-first heap   total 138240K, used 106982K [0x0000000080000000, 0x0000000100000000)
  region size 1024K, 27 young (27648K), 2 survivors (2048K)
 Metaspace       used 83803K, capacity 86281K, committed 86480K, reserved 591872K
  class space    used 10833K, capacity 11849K, committed 11904K, reserved 516096K
}
Event: 119.147 GC heap after
{Heap after GC invocations=71 (full 0):
 garbage-first heap   total 138240K, used 83325K [0x0000000080000000, 0x0000000100000000)
  region size 1024K, 4 young (4096K), 4 survivors (4096K)
 Metaspace       used 83803K, capacity 86281K, committed 86480K, reserved 591872K
  class space    used 10833K, capacity 11849K, committed 11904K, reserved 516096K
}
Event: 120.107 GC heap before
{Heap before GC invocations=71 (full 0):
 garbage-first heap   total 138240K, used 108925K [0x0000000080000000, 0x0000000100000000)
  region size 1024K, 29 young (29696K), 4 survivors (4096K)
 Metaspace       used 83923K, capacity 86506K, committed 86736K, reserved 591872K
  class space    used 10848K, capacity 11861K, committed 11904K, reserved 516096K
}
Event: 120.145 GC heap after
{Heap after GC invocations=72 (full 0):
 garbage-first heap   total 138240K, used 85187K [0x0000000080000000, 0x0000000100000000)
  region size 1024K, 3 young (3072K), 3 survivors (3072K)
 Metaspace       used 83923K, capacity 86506K, committed 86736K, reserved 591872K
  class space    used 10848K, capacity 11861K, committed 11904K, reserved 516096K
}
Event: 120.988 GC heap before
{Heap before GC invocations=72 (full 0):
 garbage-first heap   total 138240K, used 110787K [0x0000000080000000, 0x0000000100000000)
  region size 1024K, 28 young (28672K), 3 survivors (3072K)
 Metaspace       used 84126K, capacity 86683K, committed 86736K, reserved 591872K
  class space    used 10877K, capacity 11900K, committed 11904K, reserved 516096K
}
Event: 121.017 GC heap after
{Heap after GC invocations=73 (full 0):
 garbage-first heap   total 165888K, used 87002K [0x0000000080000000, 0x0000000100000000)
  region size 1024K, 4 young (4096K), 4 survivors (4096K)
 Metaspace       used 84126K, capacity 86683K, committed 86736K, reserved 591872K
  class space    used 10877K, capacity 11900K, committed 11904K, reserved 516096K
}

