# JRE version: OpenJDK Runtime Environment Microsoft-7208460 (11.0.18+10) (build 11.0.18+10-LTS)
# Java VM: OpenJDK 64-Bit Server VM Microsoft-7208460 (11.0.18+10-LTS, mixed mode, tiered, compressed oops, g1 gc, windows-amd64)
Heap:
 garbage-first heap   total 527360K, used 517561K [0x0000000080000000, 0x0000000100000000)
  region size 1024K, 158 young (161792K), 8 survivors (8192K)
 Metaspace       used 130600K, capacity 135646K, committed 135760K, reserved 634880K
  class space    used 16518K, capacity 18420K, committed 18432K, reserved 516096K
GC Heap History (20 events):
Event: 358.576 GC heap after
{Heap after GC invocations=178 (full 0):
 garbage-first heap   total 504832K, used 384602K [0x0000000080000000, 0x0000000100000000)
  region size 1024K, 2 young (2048K), 2 survivors (2048K)
 Metaspace       used 128296K, capacity 133178K, committed 133328K, reserved 632832K
  class space    used 16332K, capacity 18214K, committed 18304K, reserved 516096K
}
Event: 361.371 GC heap before
{Heap before GC invocations=178 (full 0):
 garbage-first heap   total 504832K, used 432730K [0x0000000080000000, 0x0000000100000000)
  region size 1024K, 50 young (51200K), 2 survivors (2048K)
 Metaspace       used 128316K, capacity 133179K, committed 133328K, reserved 632832K
  class space    used 16333K, capacity 18214K, committed 18304K, reserved 516096K
}
Event: 361.402 GC heap after
{Heap after GC invocations=179 (full 0):
 garbage-first heap   total 504832K, used 385910K [0x0000000080000000, 0x0000000100000000)
  region size 1024K, 4 young (4096K), 4 survivors (4096K)
 Metaspace       used 128316K, capacity 133179K, committed 133328K, reserved 632832K
  class space    used 16333K, capacity 18214K, committed 18304K, reserved 516096K
}
Event: 366.747 GC heap before
{Heap before GC invocations=180 (full 0):
 garbage-first heap   total 504832K, used 339830K [0x0000000080000000, 0x0000000100000000)
  region size 1024K, 53 young (54272K), 4 survivors (4096K)
 Metaspace       used 128350K, capacity 133253K, committed 133584K, reserved 632832K
  class space    used 16335K, capacity 18217K, committed 18304K, reserved 516096K
}
Event: 366.763 GC heap after
{Heap after GC invocations=181 (full 0):
 garbage-first heap   total 504832K, used 247364K [0x0000000080000000, 0x0000000100000000)
  region size 1024K, 3 young (3072K), 3 survivors (3072K)
 Metaspace       used 128350K, capacity 133253K, committed 133584K, reserved 632832K
  class space    used 16335K, capacity 18217K, committed 18304K, reserved 516096K
}
Event: 367.307 GC heap before
{Heap before GC invocations=181 (full 0):
 garbage-first heap   total 504832K, used 267844K [0x0000000080000000, 0x0000000100000000)
  region size 1024K, 24 young (24576K), 3 survivors (3072K)
 Metaspace       used 128368K, capacity 133255K, committed 133584K, reserved 632832K
  class space    used 16336K, capacity 18217K, committed 18304K, reserved 516096K
}
Event: 367.322 GC heap after
{Heap after GC invocations=182 (full 0):
 garbage-first heap   total 504832K, used 226536K [0x0000000080000000, 0x0000000100000000)
  region size 1024K, 1 young (1024K), 1 survivors (1024K)
 Metaspace       used 128368K, capacity 133255K, committed 133584K, reserved 632832K
  class space    used 16336K, capacity 18217K, committed 18304K, reserved 516096K
}
Event: 370.363 GC heap before
{Heap before GC invocations=182 (full 0):
 garbage-first heap   total 504832K, used 358632K [0x0000000080000000, 0x0000000100000000)
  region size 1024K, 125 young (128000K), 1 survivors (1024K)
 Metaspace       used 128415K, capacity 133323K, committed 133584K, reserved 632832K
  class space    used 16338K, capacity 18218K, committed 18304K, reserved 516096K
}
Event: 370.375 GC heap after
{Heap after GC invocations=183 (full 0):
 garbage-first heap   total 504832K, used 231662K [0x0000000080000000, 0x0000000100000000)
  region size 1024K, 6 young (6144K), 6 survivors (6144K)
 Metaspace       used 128415K, capacity 133323K, committed 133584K, reserved 632832K
  class space    used 16338K, capacity 18218K, committed 18304K, reserved 516096K
}
Event: 372.037 GC heap before
{Heap before GC invocations=183 (full 0):
 garbage-first heap   total 504832K, used 392430K [0x0000000080000000, 0x0000000100000000)
  region size 1024K, 163 young (166912K), 6 survivors (6144K)
 Metaspace       used 128460K, capacity 133387K, committed 133584K, reserved 632832K
  class space    used 16338K, capacity 18218K, committed 18304K, reserved 516096K
}
Event: 372.047 GC heap after
{Heap after GC invocations=184 (full 0):
 garbage-first heap   total 504832K, used 232071K [0x0000000080000000, 0x0000000100000000)
  region size 1024K, 7 young (7168K), 7 survivors (7168K)
 Metaspace       used 128460K, capacity 133387K, committed 133584K, reserved 632832K
  class space    used 16338K, capacity 18218K, committed 18304K, reserved 516096K
}
Event: 374.300 GC heap before
{Heap before GC invocations=184 (full 0):
 garbage-first heap   total 504832K, used 396935K [0x0000000080000000, 0x0000000100000000)
  region size 1024K, 168 young (172032K), 7 survivors (7168K)
 Metaspace       used 128512K, capacity 133397K, committed 133584K, reserved 632832K
  class space    used 16343K, capacity 18220K, committed 18304K, reserved 516096K
}
Event: 374.311 GC heap after
{Heap after GC invocations=185 (full 0):
 garbage-first heap   total 504832K, used 232413K [0x0000000080000000, 0x0000000100000000)
  region size 1024K, 7 young (7168K), 7 survivors (7168K)
 Metaspace       used 128512K, capacity 133397K, committed 133584K, reserved 632832K
  class space    used 16343K, capacity 18220K, committed 18304K, reserved 516096K
}
Event: 376.990 GC heap before
{Heap before GC invocations=185 (full 0):
 garbage-first heap   total 504832K, used 306141K [0x0000000080000000, 0x0000000100000000)
  region size 1024K, 80 young (81920K), 7 survivors (7168K)
 Metaspace       used 128514K, capacity 133397K, committed 133584K, reserved 632832K
  class space    used 16343K, capacity 18220K, committed 18304K, reserved 516096K
}
Event: 376.999 GC heap after
{Heap after GC invocations=186 (full 0):
 garbage-first heap   total 504832K, used 227626K [0x0000000080000000, 0x0000000100000000)
  region size 1024K, 2 young (2048K), 2 survivors (2048K)
 Metaspace       used 128514K, capacity 133397K, committed 133584K, reserved 632832K
  class space    used 16343K, capacity 18220K, committed 18304K, reserved 516096K
}
Event: 384.737 GC heap before
{Heap before GC invocations=187 (full 0):
 garbage-first heap   total 504832K, used 425258K [0x0000000080000000, 0x0000000100000000)
  region size 1024K, 195 young (199680K), 2 survivors (2048K)
 Metaspace       used 128755K, capacity 133755K, committed 133840K, reserved 632832K
  class space    used 16378K, capacity 18272K, committed 18304K, reserved 516096K
}
Event: 384.753 GC heap after
{Heap after GC invocations=188 (full 0):
 garbage-first heap   total 504832K, used 226081K [0x0000000080000000, 0x0000000100000000)
  region size 1024K, 2 young (2048K), 2 survivors (2048K)
 Metaspace       used 128755K, capacity 133755K, committed 133840K, reserved 632832K
  class space    used 16378K, capacity 18272K, committed 18304K, reserved 516096K
}
Event: 397.621 GC heap before
{Heap before GC invocations=188 (full 0):
 garbage-first heap   total 504832K, used 248609K [0x0000000080000000, 0x0000000100000000)
  region size 1024K, 24 young (24576K), 2 survivors (2048K)
 Metaspace       used 128763K, capacity 133755K, committed 133840K, reserved 632832K
  class space    used 16378K, capacity 18272K, committed 18304K, reserved 516096K
}
Event: 397.631 GC heap after
{Heap after GC invocations=189 (full 0):
 garbage-first heap   total 504832K, used 225772K [0x0000000080000000, 0x0000000100000000)
  region size 1024K, 3 young (3072K), 3 survivors (3072K)
 Metaspace       used 128763K, capacity 133755K, committed 133840K, reserved 632832K
  class space    used 16378K, capacity 18272K, committed 18304K, reserved 516096K
}
Event: 451.220 GC heap before
{Heap before GC invocations=189 (full 0):
 garbage-first heap   total 518144K, used 516588K [0x0000000080000000, 0x0000000100000000)
  region size 1024K, 153 young (156672K), 3 survivors (3072K)
 Metaspace       used 130600K, capacity 135646K, committed 135760K, reserved 634880K
  class space    used 16518K, capacity 18420K, committed 18432K, reserved 516096K
}

